#
# A fatal error has been detected by the Java Runtime Environment:
#
#  EXCEPTION_ACCESS_VIOLATION (0xc0000005) at pc=0x000000002eff6a10, pid=18032, tid=0x0000000000000cc8
#
# JRE version: Java(TM) SE Runtime Environment (8.0_162-b12) (build 1.8.0_162-b12)
# Java VM: Java HotSpot(TM) 64-Bit Server VM (25.162-b12 mixed mode windows-amd64 compressed oops)
# Problematic frame:
# C  [nvoglv64.dll+0xae6a10]
#
# Failed to write core dump. Minidumps are not enabled by default on client versions of Windows
#
# If you would like to submit a bug report, please visit:
#   http://bugreport.java.com/bugreport/crash.jsp
# The crash happened outside the Java Virtual Machine in native code.
# See problematic frame for where to report the bug.
#

---------------  T H R E A D  ---------------

Current thread (0x0000000024c26800):  JavaThread "main-FPSAWTAnimator#00-Timer0" [_thread_in_native, id=3272, stack(0x0000000035f00000,0x0000000036000000)]

siginfo: ExceptionCode=0xc0000005, reading address 0x0000000000000000

Registers:
RAX=0x0000000000000000, RBX=0x0000000031956988, RCX=0x00000000280f2860, RDX=0x0000000000000008
RSP=0x0000000035ffe8c8, RBP=0x0000000036008040, RSI=0x00000000280b7b24, RDI=0x0000000000000002
R8 =0x0000000000000010, R9 =0x0000000000000008, R10=0x0000000000000010, R11=0x0000000000000000
R12=0x0000000000000000, R13=0x0000000000000000, R14=0x0000000035ffe970, R15=0x00000000280b7b24
RIP=0x000000002eff6a10, EFLAGS=0x0000000000010202

Top of Stack: (sp=0x0000000035ffe8c8)
0x0000000035ffe8c8:   000000002f0b36a2 0000000000000000
0x0000000035ffe8d8:   0000000000000005 0000000036008040
0x0000000035ffe8e8:   0000000036008040 00000000280b7b24
0x0000000035ffe8f8:   0000000031956628 0000000000000002
0x0000000035ffe908:   000000002f0b3cd1 0000000031956988
0x0000000035ffe918:   000000002eff6a00 0000000000000004
0x0000000035ffe928:   00000000000000e0 0000000031956988
0x0000000035ffe938:   000000002eff6a00 0000000000000002
0x0000000035ffe948:   0000000035ffe970 00000000052ca8e0
0x0000000035ffe958:   0000000024020000 0000000000000005
0x0000000035ffe968:   00000000052ca8e0 00000000280f2860
0x0000000035ffe978:   10c0000000000000 0000000036008040
0x0000000035ffe988:   0000000031956928 0000000000000001
0x0000000035ffe998:   0000000036008040 0000000000000000
0x0000000035ffe9a8:   0000000000000000 0000000000000004
0x0000000035ffe9b8:   0000000024e90000 0000000000001405 

Instructions: (pc=0x000000002eff6a10)
0x000000002eff69f0:   10 41 83 e9 01 75 d9 48 8b c1 c3 cc cc cc cc cc
0x000000002eff6a00:   4d 63 d0 48 83 c2 08 66 0f 1f 84 00 00 00 00 00
0x000000002eff6a10:   8b 42 f8 89 01 8b 42 fc 89 41 04 8b 02 89 41 08
0x000000002eff6a20:   8b 42 04 49 03 d2 89 41 0c 48 83 c1 10 41 83 e9 


Register to memory mapping:

RAX=0x0000000000000000 is an unknown value
RBX=0x0000000031956988 is an unknown value
RCX=0x00000000280f2860 is an unknown value
RDX=0x0000000000000008 is an unknown value
RSP=0x0000000035ffe8c8 is pointing into the stack for thread: 0x0000000024c26800
RBP=0x0000000036008040 is an unknown value
RSI=0x00000000280b7b24 is an unknown value
RDI=0x0000000000000002 is an unknown value
R8 =0x0000000000000010 is an unknown value
R9 =0x0000000000000008 is an unknown value
R10=0x0000000000000010 is an unknown value
R11=0x0000000000000000 is an unknown value
R12=0x0000000000000000 is an unknown value
R13=0x0000000000000000 is an unknown value
R14=0x0000000035ffe970 is pointing into the stack for thread: 0x0000000024c26800
R15=0x00000000280b7b24 is an unknown value


Stack: [0x0000000035f00000,0x0000000036000000],  sp=0x0000000035ffe8c8,  free space=1018k
Native frames: (J=compiled Java code, j=interpreted, Vv=VM code, C=native code)
C  [nvoglv64.dll+0xae6a10]

Java frames: (J=compiled Java code, j=interpreted, Vv=VM code)
j  jogamp.opengl.gl4.GL4bcImpl.dispatch_glDrawElements1(IIIJJ)V+0
j  jogamp.opengl.gl4.GL4bcImpl.glDrawElements(IIIJ)V+53
j  unsw.graphics.geometry.TriangleMesh.draw(Lcom/jogamp/opengl/GL3;Lunsw/graphics/CoordFrame3D;)V+136
j  unsw.graphics.examples.IndexedCube.display(Lcom/jogamp/opengl/GL3;)V+45
j  unsw.graphics.Application.display(Lcom/jogamp/opengl/GLAutoDrawable;)V+14
j  jogamp.opengl.GLDrawableHelper.displayImpl(Lcom/jogamp/opengl/GLAutoDrawable;)V+62
j  jogamp.opengl.GLDrawableHelper.display(Lcom/jogamp/opengl/GLAutoDrawable;)V+2
j  jogamp.opengl.GLAutoDrawableBase$2.run()V+59
j  jogamp.opengl.GLDrawableHelper.invokeGLImpl(Lcom/jogamp/opengl/GLDrawable;Lcom/jogamp/opengl/GLContext;Ljava/lang/Runnable;Ljava/lang/Runnable;)V+203
j  jogamp.opengl.GLDrawableHelper.invokeGL(Lcom/jogamp/opengl/GLDrawable;Lcom/jogamp/opengl/GLContext;Ljava/lang/Runnable;Ljava/lang/Runnable;)V+72
j  com.jogamp.newt.opengl.GLWindow.display()V+90
j  com.jogamp.opengl.util.AWTAnimatorImpl.display(Ljava/util/ArrayList;ZZ)V+68
j  com.jogamp.opengl.util.AnimatorBase.display()V+16
j  com.jogamp.opengl.util.FPSAnimator$MainTask.run()V+216
j  java.util.TimerThread.mainLoop()V+221
j  java.util.TimerThread.run()V+1
v  ~StubRoutines::call_stub

---------------  P R O C E S S  ---------------

Java Threads: ( => current thread )
  0x00000000030d2800 JavaThread "DestroyJavaVM" [_thread_blocked, id=16144, stack(0x0000000002bb0000,0x0000000002cb0000)]
=>0x0000000024c26800 JavaThread "main-FPSAWTAnimator#00-Timer0" [_thread_in_native, id=3272, stack(0x0000000035f00000,0x0000000036000000)]
  0x0000000024c21000 JavaThread "main-Display-.windows_nil-1-EDT-1" daemon [_thread_in_native, id=16452, stack(0x00000000351d0000,0x00000000352d0000)]
  0x0000000024ad6000 JavaThread "main-SharedResourceRunner" daemon [_thread_blocked, id=10880, stack(0x000000002e210000,0x000000002e310000)]
  0x00000000245f2800 JavaThread "AWT-Windows" daemon [_thread_in_native, id=15700, stack(0x0000000024f60000,0x0000000025060000)]
  0x00000000245e2000 JavaThread "Java2D Disposer" daemon [_thread_blocked, id=7396, stack(0x0000000024d60000,0x0000000024e60000)]
  0x0000000023766000 JavaThread "Service Thread" daemon [_thread_blocked, id=14804, stack(0x0000000024190000,0x0000000024290000)]
  0x00000000236cc800 JavaThread "C1 CompilerThread3" daemon [_thread_blocked, id=15876, stack(0x0000000024090000,0x0000000024190000)]
  0x00000000236d0000 JavaThread "C2 CompilerThread2" daemon [_thread_blocked, id=14328, stack(0x0000000023f90000,0x0000000024090000)]
  0x00000000236bc800 JavaThread "C2 CompilerThread1" daemon [_thread_blocked, id=10748, stack(0x0000000023e90000,0x0000000023f90000)]
  0x00000000236b8800 JavaThread "C2 CompilerThread0" daemon [_thread_blocked, id=8596, stack(0x0000000023d90000,0x0000000023e90000)]
  0x00000000236b6000 JavaThread "Attach Listener" daemon [_thread_blocked, id=6156, stack(0x0000000023c90000,0x0000000023d90000)]
  0x00000000236b5800 JavaThread "Signal Dispatcher" daemon [_thread_blocked, id=2392, stack(0x0000000023b90000,0x0000000023c90000)]
  0x0000000023650800 JavaThread "Finalizer" daemon [_thread_blocked, id=5428, stack(0x0000000023a30000,0x0000000023b30000)]
  0x00000000031c8000 JavaThread "Reference Handler" daemon [_thread_blocked, id=576, stack(0x0000000023530000,0x0000000023630000)]

Other Threads:
  0x0000000021729800 VMThread [stack: 0x0000000023430000,0x0000000023530000] [id=13968]
  0x0000000023777800 WatcherThread [stack: 0x0000000024290000,0x0000000024390000] [id=864]

VM state:not at safepoint (normal execution)

VM Mutex/Monitor currently owned by a thread: None

Heap:
 PSYoungGen      total 114688K, used 51930K [0x0000000740380000, 0x0000000748380000, 0x00000007c0000000)
  eden space 98304K, 52% used [0x0000000740380000,0x0000000743636b68,0x0000000746380000)
  from space 16384K, 0% used [0x0000000747380000,0x0000000747380000,0x0000000748380000)
  to   space 16384K, 0% used [0x0000000746380000,0x0000000746380000,0x0000000747380000)
 ParOldGen       total 262144K, used 0K [0x0000000640a00000, 0x0000000650a00000, 0x0000000740380000)
  object space 262144K, 0% used [0x0000000640a00000,0x0000000640a00000,0x0000000650a00000)
 Metaspace       used 13745K, capacity 13998K, committed 14336K, reserved 1062912K
  class space    used 1358K, capacity 1441K, committed 1536K, reserved 1048576K

Card table byte_map: [0x0000000012590000,0x0000000013190000] byte_map_base: 0x000000000f38b000

Marking Bits: (ParMarkBitMap*) 0x000000006f2f0860
 Begin Bits: [0x0000000014190000, 0x000000001a168000)
 End Bits:   [0x000000001a168000, 0x0000000020140000)

Polling page: 0x00000000012e0000

CodeCache: size=245760Kb used=3154Kb max_used=3157Kb free=242605Kb
 bounds [0x00000000031d0000, 0x00000000034f0000, 0x00000000121d0000]
 total_blobs=1510 nmethods=742 adapters=681
 compilation: enabled

Compilation events (10 events):
Event: 3.053 Thread 0x00000000236cc800  737       3       java.nio.CharBuffer::arrayOffset (35 bytes)
Event: 3.053 Thread 0x00000000236cc800 nmethod 737 0x00000000034e6650 code [0x00000000034e67e0, 0x00000000034e6af8]
Event: 3.068 Thread 0x00000000236cc800  739       3       java.io.File::<init> (47 bytes)
Event: 3.068 Thread 0x00000000236cc800 nmethod 739 0x00000000034e59d0 code [0x00000000034e5b60, 0x00000000034e5ee8]
Event: 3.084 Thread 0x00000000236cc800  740       3       java.util.ArrayList::<init> (12 bytes)
Event: 3.084 Thread 0x00000000236cc800 nmethod 740 0x00000000034e54d0 code [0x00000000034e5640, 0x00000000034e58d0]
Event: 3.087 Thread 0x00000000236cc800  741       3       java.util.regex.Pattern::peek (26 bytes)
Event: 3.088 Thread 0x00000000236cc800 nmethod 741 0x00000000034e4f50 code [0x00000000034e50c0, 0x00000000034e5388]
Event: 3.090 Thread 0x00000000236cc800  742       1       java.lang.Integer::intValue (5 bytes)
Event: 3.090 Thread 0x00000000236cc800 nmethod 742 0x00000000034e4c90 code [0x00000000034e4de0, 0x00000000034e4ef0]

GC Heap History (0 events):
No events

Deoptimization events (3 events):
Event: 0.182 Thread 0x00000000030d2800 Uncommon trap: reason=unstable_if action=reinterpret pc=0x00000000032f7084 method=java.lang.String.hashCode()I @ 14
Event: 0.376 Thread 0x00000000030d2800 Uncommon trap: reason=unstable_if action=reinterpret pc=0x0000000003374038 method=java.lang.String.indexOf([CII[CIII)I @ 3
Event: 2.870 Thread 0x00000000030d2800 Uncommon trap: reason=unstable_if action=reinterpret pc=0x000000000349f0b4 method=java.lang.reflect.AccessibleObject.setAccessible0(Ljava/lang/reflect/AccessibleObject;Z)V @ 4

Classes redefined (0 events):
No events

Internal exceptions (10 events):
Event: 0.048 Thread 0x00000000030d2800 Exception <a 'java/lang/NoSuchMethodError': Method sun.misc.Unsafe.defineClass(Ljava/lang/String;[BII)Ljava/lang/Class; name or signature does not match> (0x0000000740387ca0) thrown at [C:\re\workspace\8-2-build-windows-amd64-cygwin\jdk8u162\10278\hotspot
Event: 0.048 Thread 0x00000000030d2800 Exception <a 'java/lang/NoSuchMethodError': Method sun.misc.Unsafe.prefetchRead(Ljava/lang/Object;J)V name or signature does not match> (0x0000000740387f88) thrown at [C:\re\workspace\8-2-build-windows-amd64-cygwin\jdk8u162\10278\hotspot\src\share\vm\prim
Event: 0.229 Thread 0x00000000030d2800 Exception <a 'java/security/PrivilegedActionException'> (0x000000074052b328) thrown at [C:\re\workspace\8-2-build-windows-amd64-cygwin\jdk8u162\10278\hotspot\src\share\vm\prims\jvm.cpp, line 1390]
Event: 0.229 Thread 0x00000000030d2800 Exception <a 'java/security/PrivilegedActionException'> (0x000000074052b538) thrown at [C:\re\workspace\8-2-build-windows-amd64-cygwin\jdk8u162\10278\hotspot\src\share\vm\prims\jvm.cpp, line 1390]
Event: 0.230 Thread 0x00000000030d2800 Exception <a 'java/security/PrivilegedActionException'> (0x000000074052f1a8) thrown at [C:\re\workspace\8-2-build-windows-amd64-cygwin\jdk8u162\10278\hotspot\src\share\vm\prims\jvm.cpp, line 1390]
Event: 0.230 Thread 0x00000000030d2800 Exception <a 'java/security/PrivilegedActionException'> (0x000000074052f3b8) thrown at [C:\re\workspace\8-2-build-windows-amd64-cygwin\jdk8u162\10278\hotspot\src\share\vm\prims\jvm.cpp, line 1390]
Event: 0.250 Thread 0x00000000030d2800 Exception <a 'java/io/FileNotFoundException'> (0x0000000740547400) thrown at [C:\re\workspace\8-2-build-windows-amd64-cygwin\jdk8u162\10278\hotspot\src\share\vm\prims\jni.cpp, line 709]
Event: 0.287 Thread 0x00000000030d2800 Exception <a 'java/lang/NoSuchFieldError': method resolution failed> (0x0000000740803500) thrown at [C:\re\workspace\8-2-build-windows-amd64-cygwin\jdk8u162\10278\hotspot\src\share\vm\prims\methodHandles.cpp, line 1167]
Event: 0.289 Thread 0x00000000030d2800 Exception <a 'java/lang/NoSuchFieldError': method resolution failed> (0x00000007408108d0) thrown at [C:\re\workspace\8-2-build-windows-amd64-cygwin\jdk8u162\10278\hotspot\src\share\vm\prims\methodHandles.cpp, line 1167]
Event: 0.867 Thread 0x00000000030d2800 Exception <a 'java/io/FileNotFoundException'> (0x0000000740d0ca08) thrown at [C:\re\workspace\8-2-build-windows-amd64-cygwin\jdk8u162\10278\hotspot\src\share\vm\prims\jni.cpp, line 709]

Events (10 events):
Event: 3.089 loading class org/smurn/jply/util/TriangulatingFaceReader
Event: 3.089 loading class org/smurn/jply/util/TriangulatingFaceReader done
Event: 3.090 loading class org/smurn/jply/util/RectBounds
Event: 3.090 loading class org/smurn/jply/util/RectBounds done
Event: 3.091 loading class unsw/graphics/Matrix4
Event: 3.091 loading class unsw/graphics/Matrix4 done
Event: 3.095 loading class unsw/graphics/CoordFrame3D
Event: 3.095 loading class unsw/graphics/CoordFrame3D done
Event: 3.098 loading class unsw/graphics/Vector4
Event: 3.098 loading class unsw/graphics/Vector4 done


Dynamic libraries:
0x00007ff622000000 - 0x00007ff622037000 	C:\Program Files\Java\jre1.8.0_162\bin\javaw.exe
0x00007ffbed9c0000 - 0x00007ffbedba1000 	C:\WINDOWS\SYSTEM32\ntdll.dll
0x00007ffbeaf00000 - 0x00007ffbeafb2000 	C:\WINDOWS\System32\KERNEL32.DLL
0x00007ffbea100000 - 0x00007ffbea373000 	C:\WINDOWS\System32\KERNELBASE.dll
0x00007ffbeae50000 - 0x00007ffbeaef1000 	C:\WINDOWS\System32\ADVAPI32.dll
0x00007ffbeb160000 - 0x00007ffbeb1fe000 	C:\WINDOWS\System32\msvcrt.dll
0x00007ffbebdf0000 - 0x00007ffbebe4b000 	C:\WINDOWS\System32\sechost.dll
0x00007ffbec2c0000 - 0x00007ffbec3e4000 	C:\WINDOWS\System32\RPCRT4.dll
0x00007ffbeb870000 - 0x00007ffbeba00000 	C:\WINDOWS\System32\USER32.dll
0x00007ffbe9fe0000 - 0x00007ffbea000000 	C:\WINDOWS\System32\win32u.dll
0x00007ffbeb130000 - 0x00007ffbeb158000 	C:\WINDOWS\System32\GDI32.dll
0x00007ffbeabb0000 - 0x00007ffbead42000 	C:\WINDOWS\System32\gdi32full.dll
0x00007ffbeaa90000 - 0x00007ffbeab2f000 	C:\WINDOWS\System32\msvcp_win.dll
0x00007ffbead50000 - 0x00007ffbeae4a000 	C:\WINDOWS\System32\ucrtbase.dll
0x00007ffbdc8e0000 - 0x00007ffbdcb49000 	C:\WINDOWS\WinSxS\amd64_microsoft.windows.common-controls_6595b64144ccf1df_6.0.17134.254_none_fb41980530664d2b\COMCTL32.dll
0x00007ffbebac0000 - 0x00007ffbebde3000 	C:\WINDOWS\System32\combase.dll
0x00007ffbeab30000 - 0x00007ffbeabaa000 	C:\WINDOWS\System32\bcryptPrimitives.dll
0x00007ffbeb270000 - 0x00007ffbeb29d000 	C:\WINDOWS\System32\IMM32.DLL
0x000000006e7f0000 - 0x000000006e8c1000 	C:\Program Files\Java\jre1.8.0_162\bin\msvcr100.dll
0x000000006ead0000 - 0x000000006f370000 	C:\Program Files\Java\jre1.8.0_162\bin\server\jvm.dll
0x00007ffbeb200000 - 0x00007ffbeb208000 	C:\WINDOWS\System32\PSAPI.DLL
0x00007ffbe4db0000 - 0x00007ffbe4dba000 	C:\WINDOWS\SYSTEM32\VERSION.dll
0x00007ffbe6900000 - 0x00007ffbe6923000 	C:\WINDOWS\SYSTEM32\WINMM.dll
0x00007ffbe1800000 - 0x00007ffbe1809000 	C:\WINDOWS\SYSTEM32\WSOCK32.dll
0x00007ffbec3f0000 - 0x00007ffbec45c000 	C:\WINDOWS\System32\WS2_32.dll
0x00007ffbe68d0000 - 0x00007ffbe68fa000 	C:\WINDOWS\SYSTEM32\winmmbase.dll
0x00007ffbea0b0000 - 0x00007ffbea0f9000 	C:\WINDOWS\System32\cfgmgr32.dll
0x000000006e9e0000 - 0x000000006e9ef000 	C:\Program Files\Java\jre1.8.0_162\bin\verify.dll
0x000000006e9b0000 - 0x000000006e9d9000 	C:\Program Files\Java\jre1.8.0_162\bin\java.dll
0x000000006e990000 - 0x000000006e9a6000 	C:\Program Files\Java\jre1.8.0_162\bin\zip.dll
0x00007ffbec550000 - 0x00007ffbed990000 	C:\WINDOWS\System32\SHELL32.dll
0x00007ffbeafd0000 - 0x00007ffbeb079000 	C:\WINDOWS\System32\shcore.dll
0x00007ffbea380000 - 0x00007ffbeaa8d000 	C:\WINDOWS\System32\windows.storage.dll
0x00007ffbeba60000 - 0x00007ffbebab1000 	C:\WINDOWS\System32\shlwapi.dll
0x00007ffbe9d50000 - 0x00007ffbe9d61000 	C:\WINDOWS\System32\kernel.appcore.dll
0x00007ffbe9d70000 - 0x00007ffbe9d8f000 	C:\WINDOWS\System32\profapi.dll
0x00007ffbe9cf0000 - 0x00007ffbe9d3c000 	C:\WINDOWS\System32\powrprof.dll
0x00007ffbe9d40000 - 0x00007ffbe9d4a000 	C:\WINDOWS\System32\FLTLIB.DLL
0x000000006e650000 - 0x000000006e7e8000 	C:\Program Files\Java\jre1.8.0_162\bin\awt.dll
0x00007ffbec480000 - 0x00007ffbec542000 	C:\WINDOWS\System32\OLEAUT32.dll
0x00007ffbe7f70000 - 0x00007ffbe7ffb000 	C:\WINDOWS\SYSTEM32\apphelp.dll
0x00007ffbe9700000 - 0x00007ffbe9717000 	C:\WINDOWS\SYSTEM32\CRYPTSP.dll
0x00007ffbe9130000 - 0x00007ffbe9163000 	C:\WINDOWS\system32\rsaenh.dll
0x00007ffbe9830000 - 0x00007ffbe9855000 	C:\WINDOWS\SYSTEM32\bcrypt.dll
0x00007ffbe9c00000 - 0x00007ffbe9c28000 	C:\WINDOWS\SYSTEM32\USERENV.dll
0x00007ffbe9720000 - 0x00007ffbe972b000 	C:\WINDOWS\SYSTEM32\CRYPTBASE.dll
0x000000006e970000 - 0x000000006e98a000 	C:\Program Files\Java\jre1.8.0_162\bin\net.dll
0x00007ffbe9550000 - 0x00007ffbe95b6000 	C:\WINDOWS\system32\mswsock.dll
0x00007ffbe92d0000 - 0x00007ffbe9308000 	C:\WINDOWS\SYSTEM32\IPHLPAPI.DLL
0x00007ffbeafc0000 - 0x00007ffbeafc8000 	C:\WINDOWS\System32\NSI.dll
0x00007ffbe4c50000 - 0x00007ffbe4c66000 	C:\WINDOWS\SYSTEM32\dhcpcsvc6.DLL
0x00007ffbe4c20000 - 0x00007ffbe4c3a000 	C:\WINDOWS\SYSTEM32\dhcpcsvc.DLL
0x000000006e950000 - 0x000000006e961000 	C:\Program Files\Java\jre1.8.0_162\bin\nio.dll
0x00000000637c0000 - 0x00000000637cd000 	C:\Users\Athos\AppData\Local\Temp\jogamp_0000\file_cache\jln7910279453083110005\jln3386751925844955283\natives\windows-amd64\gluegen-rt.dll
0x00007ffbe8130000 - 0x00007ffbe81c8000 	C:\WINDOWS\system32\uxtheme.dll
0x00007ffbeb2a0000 - 0x00007ffbeb415000 	C:\WINDOWS\System32\MSCTF.dll
0x00007ffbe8380000 - 0x00007ffbe83a9000 	C:\WINDOWS\system32\dwmapi.dll
0x00007ffbebed0000 - 0x00007ffbec021000 	C:\WINDOWS\System32\ole32.dll
0x000000006e640000 - 0x000000006e647000 	C:\Program Files\Java\jre1.8.0_162\bin\jawt.dll
0x000000006a440000 - 0x000000006a44d000 	C:\Users\Athos\AppData\Local\Temp\jogamp_0000\file_cache\jln7910279453083110005\jln3386751925844955283\natives\windows-amd64\nativewindow_awt.dll
0x00007ffbb2260000 - 0x00007ffbb2380000 	C:\WINDOWS\system32\opengl32.dll
0x00007ffbd8d20000 - 0x00007ffbd8d4c000 	C:\WINDOWS\SYSTEM32\GLU32.dll
0x00007ffbe2660000 - 0x00007ffbe27f7000 	C:\WINDOWS\system32\d3d9.dll
0x00007ffbe4dc0000 - 0x00007ffbe4eac000 	C:\WINDOWS\System32\DriverStore\FileRepository\nvmii.inf_amd64_9919b3b9523cd68f\nvldumdx.dll
0x00007ffbe9df0000 - 0x00007ffbe9fd2000 	C:\WINDOWS\System32\crypt32.dll
0x00007ffbe9cd0000 - 0x00007ffbe9ce2000 	C:\WINDOWS\System32\MSASN1.dll
0x00007ffbe9d90000 - 0x00007ffbe9de7000 	C:\WINDOWS\System32\WINTRUST.DLL
0x00007ffbec460000 - 0x00007ffbec47d000 	C:\WINDOWS\System32\imagehlp.dll
0x00007ffb9e690000 - 0x00007ffb9f8c9000 	C:\WINDOWS\System32\DriverStore\FileRepository\nvmii.inf_amd64_9919b3b9523cd68f\nvd3dumx.dll
0x00007ffbe1900000 - 0x00007ffbe19c3000 	C:\Program Files (x86)\NVIDIA Corporation\3D Vision\nvSCPAPI64.dll
0x00007ffbeb420000 - 0x00007ffbeb86b000 	C:\WINDOWS\System32\SETUPAPI.dll
0x00007ffbd9600000 - 0x00007ffbd9866000 	C:\WINDOWS\system32\nvspcap64.dll
0x00007ffbe8dc0000 - 0x00007ffbe8df1000 	C:\WINDOWS\SYSTEM32\ntmarta.dll
0x000000006c100000 - 0x000000006c10f000 	C:\Users\Athos\AppData\Local\Temp\jogamp_0000\file_cache\jln7910279453083110005\jln3386751925844955283\natives\windows-amd64\nativewindow_win32.dll
0x0000000064500000 - 0x00000000645b1000 	C:\Users\Athos\AppData\Local\Temp\jogamp_0000\file_cache\jln7910279453083110005\jln3386751925844955283\natives\windows-amd64\jogl_desktop.dll
0x0000000064340000 - 0x00000000643a2000 	C:\Users\Athos\AppData\Local\Temp\jogamp_0000\file_cache\jln7910279453083110005\jln3386751925844955283\natives\windows-amd64\jogl_mobile.dll
0x000000002e510000 - 0x0000000030b95000 	C:\WINDOWS\System32\DriverStore\FileRepository\nvmii.inf_amd64_9919b3b9523cd68f\nvoglv64.dll
0x00007ffbe63c0000 - 0x00007ffbe63d3000 	C:\WINDOWS\SYSTEM32\WTSAPI32.dll
0x00007ffbe9ae0000 - 0x00007ffbe9b07000 	C:\WINDOWS\SYSTEM32\DEVOBJ.dll
0x00007ffbe8e30000 - 0x00007ffbe8e86000 	C:\WINDOWS\SYSTEM32\WINSTA.dll
0x000000006cbc0000 - 0x000000006cbd3000 	C:\Users\Athos\AppData\Local\Temp\jogamp_0000\file_cache\jln7910279453083110005\jln3386751925844955283\natives\windows-amd64\newt.dll
0x00007ffbdd010000 - 0x00007ffbdd0b8000 	C:\WINDOWS\SYSTEM32\mscms.dll
0x00007ffbe19d0000 - 0x00007ffbe19e0000 	C:\WINDOWS\SYSTEM32\ColorAdapterClient.dll
0x00007ffbd8bf0000 - 0x00007ffbd8c33000 	C:\WINDOWS\SYSTEM32\icm32.dll
0x00007ffbe2200000 - 0x00007ffbe2297000 	C:\WINDOWS\System32\TextInputFramework.dll
0x00007ffbe7d70000 - 0x00007ffbe7e4a000 	C:\WINDOWS\System32\CoreMessaging.dll
0x00007ffbe55d0000 - 0x00007ffbe58ee000 	C:\WINDOWS\System32\CoreUIComponents.dll
0x00007ffbe5310000 - 0x00007ffbe545d000 	C:\WINDOWS\SYSTEM32\wintypes.dll
0x00007ffbe1fc0000 - 0x00007ffbe2189000 	C:\WINDOWS\SYSTEM32\dbghelp.dll
0x00007ffbeb080000 - 0x00007ffbeb120000 	C:\WINDOWS\System32\clbcatq.dll
0x00007ffba8420000 - 0x00007ffba880c000 	C:\WINDOWS\system32\GooglePinyin2.ime
0x00007ffbe3d90000 - 0x00007ffbe3d97000 	C:\WINDOWS\system32\MSIMG32.dll
0x00007ffbe1d40000 - 0x00007ffbe1eda000 	C:\WINDOWS\WinSxS\amd64_microsoft.windows.gdiplus_6595b64144ccf1df_1.1.17134.254_none_2c2c8aea8af8c6f9\gdiplus.dll
0x00007ffba6780000 - 0x00007ffba6799000 	C:\WINDOWS\system32\USP10.dll
0x00007ffbd3950000 - 0x00007ffbd3dbe000 	C:\WINDOWS\system32\WININET.dll
0x00007ffb99100000 - 0x00007ffb9958f000 	C:\WINDOWS\SYSTEM32\AcLayers.DLL
0x00007ffbe1c00000 - 0x00007ffbe1c84000 	C:\WINDOWS\SYSTEM32\WINSPOOL.DRV
0x00007ffbe61a0000 - 0x00007ffbe6354000 	C:\WINDOWS\SYSTEM32\PROPSYS.dll
0x000000002d5f0000 - 0x000000002d5f3000 	C:\WINDOWS\SYSTEM32\sfc.dll
0x00007ffbc9f80000 - 0x00007ffbc9f93000 	C:\WINDOWS\SYSTEM32\sfc_os.DLL
0x00007ffbe9bd0000 - 0x00007ffbe9c00000 	C:\WINDOWS\SYSTEM32\SspiCli.dll
0x00007ffbe1f90000 - 0x00007ffbe1fb9000 	C:\WINDOWS\SYSTEM32\dbgcore.DLL
0x00007ffbd9240000 - 0x00007ffbd9290000 	C:\WINDOWS\SYSTEM32\msIso.dll
0x00007ffbd4110000 - 0x00007ffbd4343000 	C:\WINDOWS\System32\msxml3.dll
0x00007ffbe5bc0000 - 0x00007ffbe5d6e000 	C:\WINDOWS\SYSTEM32\WindowsCodecs.dll
0x00007ffbdc5c0000 - 0x00007ffbdc8dc000 	C:\WINDOWS\SYSTEM32\DWrite.dll

VM Arguments:
jvm_args: -Dfile.encoding=GBK 
java_command: unsw.graphics.examples.IndexedCube
java_class_path (initial): C:\Program Files\Java\jre1.8.0_162\lib\resources.jar;C:\Program Files\Java\jre1.8.0_162\lib\rt.jar;C:\Program Files\Java\jre1.8.0_162\lib\jsse.jar;C:\Program Files\Java\jre1.8.0_162\lib\jce.jar;C:\Program Files\Java\jre1.8.0_162\lib\charsets.jar;C:\Program Files\Java\jre1.8.0_162\lib\jfr.jar;C:\Program Files\Java\jre1.8.0_162\lib\ext\access-bridge-64.jar;C:\Program Files\Java\jre1.8.0_162\lib\ext\cldrdata.jar;C:\Program Files\Java\jre1.8.0_162\lib\ext\dnsns.jar;C:\Program Files\Java\jre1.8.0_162\lib\ext\jaccess.jar;C:\Program Files\Java\jre1.8.0_162\lib\ext\jfxrt.jar;C:\Program Files\Java\jre1.8.0_162\lib\ext\localedata.jar;C:\Program Files\Java\jre1.8.0_162\lib\ext\nashorn.jar;C:\Program Files\Java\jre1.8.0_162\lib\ext\sunec.jar;C:\Program Files\Java\jre1.8.0_162\lib\ext\sunjce_provider.jar;C:\Program Files\Java\jre1.8.0_162\lib\ext\sunmscapi.jar;C:\Program Files\Java\jre1.8.0_162\lib\ext\sunpkcs11.jar;C:\Program Files\Java\jre1.8.0_162\lib\ext\zipfs.jar;C:\Users\Athos\Desktop\3421\comp3421_ass2\UNSWgraph-0.18\bin;C:\Users\Athos\Desktop\3421\comp3421_ass2\UNSWgraph-0.18\lib\gluegen-rt.jar;C:\Users\Athos\Desktop\3421\comp3421_ass2\UNSWgraph-0.18\lib\jogl-all.jar;C:\Users\Athos\.p2\pool\plugins\org.junit_4.12.0.v201504281640\junit.jar;C:\Users\Athos\.p2\pool\plugins\org.hamcrest.core_1.3.0.v20180420-1519.jar;C:\Users\Athos\Desktop\3421\comp3421_ass2\UNSWgraph-0.18\lib\jply.jar;C:\Users\Athos\Desktop\3421\comp3421_ass2\UNSWgraph-0.18\lib\commons-lang3-3.7.jar
Launcher Type: SUN_STANDARD

Environment Variables:
JAVA_HOME=G:\jdk_8
CLASSPATH=.;G:\jdk_8\lib\dt.jar;G:\jdk_8\lib\tools.jar;
PATH=C:/Program Files/Java/jre1.8.0_162/bin/server;C:/Program Files/Java/jre1.8.0_162/bin;C:/Program Files/Java/jre1.8.0_162/lib/amd64;C:\Program Files\NVIDIA GPU Computing Toolkit\CUDA\v9.0\bin;C:\Program Files\NVIDIA GPU Computing Toolkit\CUDA\v9.0\libnvvp;C:\ProgramData\Oracle\Java\javapath;C:\Program Files (x86)\Intel\iCLS Client\;C:\Program Files\Intel\iCLS Client\;C:\WINDOWS\system32;C:\WINDOWS;C:\WINDOWS\System32\Wbem;C:\WINDOWS\System32\WindowsPowerShell\v1.0\;C:\Program Files (x86)\Intel\Intel(R) Management Engine Components\DAL;C:\Program Files\Intel\Intel(R) Management Engine Components\DAL;C:\Program Files (x86)\Intel\Intel(R) Management Engine Components\IPT;C:\Program Files\Intel\Intel(R) Management Engine Components\IPT;G:\jdk_8\bin;C:\Program Files (x86)\NVIDIA Corporation\PhysX\Common;C:\Program Files\Java\jre1.8.0_162\bin;C:\WINDOWS\system32;C:\WINDOWS;C:\WINDOWS\System32\Wbem;C:\WINDOWS\System32\WindowsPowerShell\v1.0\;C:\WINDOWS\System32\OpenSSH\;%NODE_PATH%;D:\node\;D:\python\Scripts\;D:\python\;C:\Users\Athos\AppData\Local\Microsoft\WindowsApps;C:\Users\Athos\AppData\Local\atom\bin;C:\Users\Athos\AppData\Local\GitHubDesktop\bin;D:\visual_editor\Microsoft VS Code\bin;C:\Users\Athos\AppData\Local\Microsoft\WindowsApps;C:\Users\Athos\AppData\Roaming\npm;C:\Users\Athos\Desktop;
USERNAME=Athos
OS=Windows_NT
PROCESSOR_IDENTIFIER=Intel64 Family 6 Model 94 Stepping 3, GenuineIntel



---------------  S Y S T E M  ---------------

OS: Windows 10.0 , 64 bit Build 17134 (10.0.17134.1)

CPU:total 8 (initial active 8) (4 cores per cpu, 2 threads per core) family 6 model 94 stepping 3, cmov, cx8, fxsr, mmx, sse, sse2, sse3, ssse3, sse4.1, sse4.2, popcnt, avx, avx2, aes, clmul, erms, rtm, 3dnowpref, lzcnt, ht, tsc, tscinvbit, bmi1, bmi2, adx

Memory: 4k page, physical 25117728k(14219408k free), swap 26690592k(12198120k free)

vm_info: Java HotSpot(TM) 64-Bit Server VM (25.162-b12) for windows-amd64 JRE (1.8.0_162-b12), built on Dec 19 2017 20:00:03 by "java_re" with MS VC++ 10.0 (VS2010)

time: Thu Sep 20 21:06:10 2018
elapsed time: 3 seconds (0d 0h 0m 3s)

