#
# There is insufficient memory for the Java Runtime Environment to continue.
# Native memory allocation (malloc) failed to allocate 198096 bytes for Chunk::new
# Possible reasons:
#   The system is out of physical RAM or swap space
#   In 32 bit mode, the process size limit was hit
# Possible solutions:
#   Reduce memory load on the system
#   Increase physical memory or swap space
#   Check if swap backing store is full
#   Use 64 bit Java on a 64 bit OS
#   Decrease Java heap size (-Xmx/-Xms)
#   Decrease number of Java threads
#   Decrease Java thread stack sizes (-Xss)
#   Set larger code cache with -XX:ReservedCodeCacheSize=
# This output file may be truncated or incomplete.
#
#  Out of Memory Error (allocation.cpp:390), pid=15424, tid=0x0000000000001fb4
#
# JRE version: Java(TM) SE Runtime Environment (8.0_162-b12) (build 1.8.0_162-b12)
# Java VM: Java HotSpot(TM) 64-Bit Server VM (25.162-b12 mixed mode windows-amd64 compressed oops)
# Failed to write core dump. Minidumps are not enabled by default on client versions of Windows
#

---------------  T H R E A D  ---------------

Current thread (0x0000000023c87000):  JavaThread "C2 CompilerThread1" daemon [_thread_in_native, id=8116, stack(0x00000000243f0000,0x00000000244f0000)]

Stack: [0x00000000243f0000,0x00000000244f0000]
[error occurred during error reporting (printing stack bounds), id 0xc0000005]

Native frames: (J=compiled Java code, j=interpreted, Vv=VM code, C=native code)


Current CompileTask:
C2: 493610 1784       4       sun.misc.URLClassPath::getResource (83 bytes)


---------------  P R O C E S S  ---------------

Java Threads: ( => current thread )
  0x0000000025396800 JavaThread "AWT-Shutdown" [_thread_blocked, id=18212, stack(0x00000008d79b0000,0x00000008d7ab0000)]
  0x000000006a450800 JavaThread "Thread-2" daemon [_thread_in_native, id=2788, stack(0x00000008d78b0000,0x00000008d79b0000)]
  0x0000000024d80000 JavaThread "NativeWindowFactory_ShutdownHook" [_thread_in_native, id=14808, stack(0x00000008d77b0000,0x00000008d78b0000)]
  0x0000000003642800 JavaThread "DestroyJavaVM" [_thread_blocked, id=10612, stack(0x0000000003180000,0x0000000003280000)]
  0x0000000024f2b000 JavaThread "main-Display-.windows_nil-1-EDT-1" daemon [_thread_blocked, id=16404, stack(0x00000000358e0000,0x00000000359e0000)]
  0x0000000024cf9000 JavaThread "main-SharedResourceRunner" daemon [_thread_blocked, id=13328, stack(0x000000002f6f0000,0x000000002f7f0000)]
  0x0000000024b57000 JavaThread "AWT-Windows" daemon [_thread_in_native, id=1596, stack(0x0000000026470000,0x0000000026570000)]
  0x000000002510b800 JavaThread "Java2D Disposer" daemon [_thread_blocked, id=18296, stack(0x0000000026270000,0x0000000026370000)]
  0x0000000023d27800 JavaThread "Service Thread" daemon [_thread_blocked, id=17380, stack(0x00000000246f0000,0x00000000247f0000)]
  0x0000000023c8d800 JavaThread "C1 CompilerThread3" daemon [_thread_blocked, id=3700, stack(0x00000000245f0000,0x00000000246f0000)]
  0x0000000023c89800 JavaThread "C2 CompilerThread2" daemon [_thread_blocked, id=776, stack(0x00000000244f0000,0x00000000245f0000)]
=>0x0000000023c87000 JavaThread "C2 CompilerThread1" daemon [_thread_in_native, id=8116, stack(0x00000000243f0000,0x00000000244f0000)]
  0x0000000023c7a800 JavaThread "C2 CompilerThread0" daemon [_thread_blocked, id=12520, stack(0x00000000242f0000,0x00000000243f0000)]
  0x0000000023c78000 JavaThread "Attach Listener" daemon [_thread_blocked, id=16820, stack(0x00000000241f0000,0x00000000242f0000)]
  0x0000000023c77800 JavaThread "Signal Dispatcher" daemon [_thread_blocked, id=15000, stack(0x00000000240f0000,0x00000000241f0000)]
  0x0000000023c10800 JavaThread "Finalizer" daemon [_thread_blocked, id=6168, stack(0x0000000023ff0000,0x00000000240f0000)]
  0x000000000373a000 JavaThread "Reference Handler" daemon [_thread_blocked, id=4500, stack(0x0000000023af0000,0x0000000023bf0000)]

Other Threads:
  0x0000000021d19800 VMThread [stack: 0x00000000239f0000,0x0000000023af0000] [id=5940]
  0x0000000023d38800 WatcherThread [stack: 0x00000000247f0000,0x00000000248f0000] [id=10700]

VM state:not at safepoint (normal execution)

VM Mutex/Monitor currently owned by a thread: None

Heap:
 PSYoungGen      total 37376K, used 12368K [0x0000000740380000, 0x0000000743400000, 0x00000007c0000000)
  eden space 36864K, 33% used [0x0000000740380000,0x0000000740f6c158,0x0000000742780000)
  from space 512K, 31% used [0x0000000743380000,0x00000007433a8000,0x0000000743400000)
  to   space 512K, 0% used [0x0000000743300000,0x0000000743300000,0x0000000743380000)
 ParOldGen       total 262144K, used 11974K [0x0000000640a00000, 0x0000000650a00000, 0x0000000740380000)
  object space 262144K, 4% used [0x0000000640a00000,0x00000006415b1a80,0x0000000650a00000)
 Metaspace       used 15108K, capacity 15326K, committed 15744K, reserved 1062912K
  class space    used 1456K, capacity 1543K, committed 1664K, reserved 1048576K

Card table byte_map: [0x0000000012b00000,0x0000000013700000] byte_map_base: 0x000000000f8fb000

Marking Bits: (ParMarkBitMap*) 0x0000000069d10860
 Begin Bits: [0x0000000014700000, 0x000000001a6d8000)
 End Bits:   [0x000000001a6d8000, 0x00000000206b0000)

Polling page: 0x0000000000fe0000

CodeCache: size=245760Kb used=5572Kb max_used=6053Kb free=240187Kb
 bounds [0x0000000003740000, 0x0000000003d60000, 0x0000000012740000]
 total_blobs=2280 nmethods=1490 adapters=703
 compilation: enabled

Compilation events (10 events):
Event: 475.745 Thread 0x0000000023c8d800 nmethod 1778 0x0000000003bf1290 code [0x0000000003bf13e0, 0x0000000003bf1590]
Event: 480.847 Thread 0x0000000023c8d800 1780       3       sun.invoke.util.Wrapper::forBasicType (16 bytes)
Event: 480.847 Thread 0x0000000023c8d800 nmethod 1780 0x0000000003bd3550 code [0x0000000003bd36c0, 0x0000000003bd3938]
Event: 480.847 Thread 0x0000000023c8d800 1781       3       java.util.Arrays::copyOfRange (11 bytes)
Event: 480.847 Thread 0x0000000023c8d800 nmethod 1781 0x0000000003b9d410 code [0x0000000003b9d580, 0x0000000003b9d788]
Event: 480.868 Thread 0x0000000023c8d800 1782       3       java.lang.Integer::valueOf (32 bytes)
Event: 480.868 Thread 0x0000000023c8d800 nmethod 1782 0x0000000003955110 code [0x0000000003955280, 0x00000000039555d0]
Event: 480.870 Thread 0x0000000023c7a800 1783       4       java.lang.String::compareTo (78 bytes)
Event: 480.884 Thread 0x0000000023c7a800 nmethod 1783 0x0000000003bd4210 code [0x0000000003bd4360, 0x0000000003bd44f8]
Event: 493.549 Thread 0x0000000023c87000 1784       4       sun.misc.URLClassPath::getResource (83 bytes)

GC Heap History (10 events):
Event: 490.304 GC heap before
{Heap before GC invocations=598 (full 0):
 PSYoungGen      total 37376K, used 36999K [0x0000000740380000, 0x0000000743400000, 0x00000007c0000000)
  eden space 36864K, 99% used [0x0000000740380000,0x0000000742769e68,0x0000000742780000)
  from space 512K, 43% used [0x0000000743300000,0x0000000743338000,0x0000000743380000)
  to   space 512K, 0% used [0x0000000743380000,0x0000000743380000,0x0000000743400000)
 ParOldGen       total 262144K, used 11910K [0x0000000640a00000, 0x0000000650a00000, 0x0000000740380000)
  object space 262144K, 4% used [0x0000000640a00000,0x00000006415a1a80,0x0000000650a00000)
 Metaspace       used 15094K, capacity 15326K, committed 15744K, reserved 1062912K
  class space    used 1453K, capacity 1543K, committed 1664K, reserved 1048576K
Event: 490.305 GC heap after
Heap after GC invocations=598 (full 0):
 PSYoungGen      total 37376K, used 128K [0x0000000740380000, 0x0000000743400000, 0x00000007c0000000)
  eden space 36864K, 0% used [0x0000000740380000,0x0000000740380000,0x0000000742780000)
  from space 512K, 25% used [0x0000000743380000,0x00000007433a0000,0x0000000743400000)
  to   space 512K, 0% used [0x0000000743300000,0x0000000743300000,0x0000000743380000)
 ParOldGen       total 262144K, used 11926K [0x0000000640a00000, 0x0000000650a00000, 0x0000000740380000)
  object space 262144K, 4% used [0x0000000640a00000,0x00000006415a5a80,0x0000000650a00000)
 Metaspace       used 15094K, capacity 15326K, committed 15744K, reserved 1062912K
  class space    used 1453K, capacity 1543K, committed 1664K, reserved 1048576K
}
Event: 491.058 GC heap before
{Heap before GC invocations=599 (full 0):
 PSYoungGen      total 37376K, used 36903K [0x0000000740380000, 0x0000000743400000, 0x00000007c0000000)
  eden space 36864K, 99% used [0x0000000740380000,0x0000000742769f58,0x0000000742780000)
  from space 512K, 25% used [0x0000000743380000,0x00000007433a0000,0x0000000743400000)
  to   space 512K, 0% used [0x0000000743300000,0x0000000743300000,0x0000000743380000)
 ParOldGen       total 262144K, used 11926K [0x0000000640a00000, 0x0000000650a00000, 0x0000000740380000)
  object space 262144K, 4% used [0x0000000640a00000,0x00000006415a5a80,0x0000000650a00000)
 Metaspace       used 15094K, capacity 15326K, committed 15744K, reserved 1062912K
  class space    used 1453K, capacity 1543K, committed 1664K, reserved 1048576K
Event: 491.059 GC heap after
Heap after GC invocations=599 (full 0):
 PSYoungGen      total 37376K, used 224K [0x0000000740380000, 0x0000000743400000, 0x00000007c0000000)
  eden space 36864K, 0% used [0x0000000740380000,0x0000000740380000,0x0000000742780000)
  from space 512K, 43% used [0x0000000743300000,0x0000000743338000,0x0000000743380000)
  to   space 512K, 0% used [0x0000000743380000,0x0000000743380000,0x0000000743400000)
 ParOldGen       total 262144K, used 11934K [0x0000000640a00000, 0x0000000650a00000, 0x0000000740380000)
  object space 262144K, 4% used [0x0000000640a00000,0x00000006415a7a80,0x0000000650a00000)
 Metaspace       used 15094K, capacity 15326K, committed 15744K, reserved 1062912K
  class space    used 1453K, capacity 1543K, committed 1664K, reserved 1048576K
}
Event: 491.804 GC heap before
{Heap before GC invocations=600 (full 0):
 PSYoungGen      total 37376K, used 36999K [0x0000000740380000, 0x0000000743400000, 0x00000007c0000000)
  eden space 36864K, 99% used [0x0000000740380000,0x0000000742769fc0,0x0000000742780000)
  from space 512K, 43% used [0x0000000743300000,0x0000000743338000,0x0000000743380000)
  to   space 512K, 0% used [0x0000000743380000,0x0000000743380000,0x0000000743400000)
 ParOldGen       total 262144K, used 11934K [0x0000000640a00000, 0x0000000650a00000, 0x0000000740380000)
  object space 262144K, 4% used [0x0000000640a00000,0x00000006415a7a80,0x0000000650a00000)
 Metaspace       used 15094K, capacity 15326K, committed 15744K, reserved 1062912K
  class space    used 1453K, capacity 1543K, committed 1664K, reserved 1048576K
Event: 491.805 GC heap after
Heap after GC invocations=600 (full 0):
 PSYoungGen      total 37376K, used 128K [0x0000000740380000, 0x0000000743400000, 0x00000007c0000000)
  eden space 36864K, 0% used [0x0000000740380000,0x0000000740380000,0x0000000742780000)
  from space 512K, 25% used [0x0000000743380000,0x00000007433a0000,0x0000000743400000)
  to   space 512K, 0% used [0x0000000743300000,0x0000000743300000,0x0000000743380000)
 ParOldGen       total 262144K, used 11950K [0x0000000640a00000, 0x0000000650a00000, 0x0000000740380000)
  object space 262144K, 4% used [0x0000000640a00000,0x00000006415aba80,0x0000000650a00000)
 Metaspace       used 15094K, capacity 15326K, committed 15744K, reserved 1062912K
  class space    used 1453K, capacity 1543K, committed 1664K, reserved 1048576K
}
Event: 492.577 GC heap before
{Heap before GC invocations=601 (full 0):
 PSYoungGen      total 37376K, used 36896K [0x0000000740380000, 0x0000000743400000, 0x00000007c0000000)
  eden space 36864K, 99% used [0x0000000740380000,0x0000000742768040,0x0000000742780000)
  from space 512K, 25% used [0x0000000743380000,0x00000007433a0000,0x0000000743400000)
  to   space 512K, 0% used [0x0000000743300000,0x0000000743300000,0x0000000743380000)
 ParOldGen       total 262144K, used 11950K [0x0000000640a00000, 0x0000000650a00000, 0x0000000740380000)
  object space 262144K, 4% used [0x0000000640a00000,0x00000006415aba80,0x0000000650a00000)
 Metaspace       used 15094K, capacity 15326K, committed 15744K, reserved 1062912K
  class space    used 1453K, capacity 1543K, committed 1664K, reserved 1048576K
Event: 492.577 GC heap after
Heap after GC invocations=601 (full 0):
 PSYoungGen      total 37376K, used 192K [0x0000000740380000, 0x0000000743400000, 0x00000007c0000000)
  eden space 36864K, 0% used [0x0000000740380000,0x0000000740380000,0x0000000742780000)
  from space 512K, 37% used [0x0000000743300000,0x0000000743330000,0x0000000743380000)
  to   space 512K, 0% used [0x0000000743380000,0x0000000743380000,0x0000000743400000)
 ParOldGen       total 262144K, used 11966K [0x0000000640a00000, 0x0000000650a00000, 0x0000000740380000)
  object space 262144K, 4% used [0x0000000640a00000,0x00000006415afa80,0x0000000650a00000)
 Metaspace       used 15094K, capacity 15326K, committed 15744K, reserved 1062912K
  class space    used 1453K, capacity 1543K, committed 1664K, reserved 1048576K
}
Event: 493.342 GC heap before
{Heap before GC invocations=602 (full 0):
 PSYoungGen      total 37376K, used 36954K [0x0000000740380000, 0x0000000743400000, 0x00000007c0000000)
  eden space 36864K, 99% used [0x0000000740380000,0x0000000742766b70,0x0000000742780000)
  from space 512K, 37% used [0x0000000743300000,0x0000000743330000,0x0000000743380000)
  to   space 512K, 0% used [0x0000000743380000,0x0000000743380000,0x0000000743400000)
 ParOldGen       total 262144K, used 11966K [0x0000000640a00000, 0x0000000650a00000, 0x0000000740380000)
  object space 262144K, 4% used [0x0000000640a00000,0x00000006415afa80,0x0000000650a00000)
 Metaspace       used 15094K, capacity 15326K, committed 15744K, reserved 1062912K
  class space    used 1453K, capacity 1543K, committed 1664K, reserved 1048576K
Event: 493.343 GC heap after
Heap after GC invocations=602 (full 0):
 PSYoungGen      total 37376K, used 160K [0x0000000740380000, 0x0000000743400000, 0x00000007c0000000)
  eden space 36864K, 0% used [0x0000000740380000,0x0000000740380000,0x0000000742780000)
  from space 512K, 31% used [0x0000000743380000,0x00000007433a8000,0x0000000743400000)
  to   space 512K, 0% used [0x0000000743300000,0x0000000743300000,0x0000000743380000)
 ParOldGen       total 262144K, used 11974K [0x0000000640a00000, 0x0000000650a00000, 0x0000000740380000)
  object space 262144K, 4% used [0x0000000640a00000,0x00000006415b1a80,0x0000000650a00000)
 Metaspace       used 15094K, capacity 15326K, committed 15744K, reserved 1062912K
  class space    used 1453K, capacity 1543K, committed 1664K, reserved 1048576K
}

Deoptimization events (10 events):
Event: 170.312 Thread 0x0000000024d80000 Uncommon trap: reason=unstable_if action=reinterpret pc=0x0000000003d2597c method=java.util.HashMap.keySet()Ljava/util/Set; @ 6
Event: 170.312 Thread 0x0000000024d80000 Uncommon trap: reason=unstable_if action=reinterpret pc=0x0000000003843f84 method=sun.awt.AppContext.get(Ljava/lang/Object;)Ljava/lang/Object; @ 21
Event: 170.324 Thread 0x0000000025182800 Uncommon trap: reason=unstable_if action=reinterpret pc=0x0000000003d354fc method=sun.awt.AppContext.get(Ljava/lang/Object;)Ljava/lang/Object; @ 21
Event: 470.722 Thread 0x0000000024b57000 Uncommon trap: reason=unstable_if action=reinterpret pc=0x0000000003cd1278 method=java.lang.Integer.valueOf(I)Ljava/lang/Integer; @ 10
Event: 470.733 Thread 0x0000000024b57000 Uncommon trap: reason=unstable_if action=reinterpret pc=0x0000000003d26518 method=java.util.HashMap.keySet()Ljava/util/Set; @ 6
Event: 470.744 Thread 0x0000000024b57000 Uncommon trap: reason=unstable_if action=reinterpret pc=0x00000000038bf558 method=java.util.HashMap.values()Ljava/util/Collection; @ 6
Event: 470.757 Thread 0x000000006a450800 Uncommon trap: reason=unstable_if action=reinterpret pc=0x0000000003d2bba4 method=java.util.HashMap.removeNode(ILjava/lang/Object;Ljava/lang/Object;ZZ)Ljava/util/HashMap$Node; @ 34
Event: 471.064 Thread 0x0000000024f2b000 Uncommon trap: reason=unstable_if action=reinterpret pc=0x0000000003867b74 method=jogamp.newt.DisplayImpl.dispatchMessages()V @ 23
Event: 493.545 Thread 0x0000000025182800 Uncommon trap: reason=unstable_if action=reinterpret pc=0x0000000003851e20 method=com.jogamp.opengl.util.FPSAnimator$MainTask.run()V @ 199
Event: 493.545 Thread 0x0000000025182800 Uncommon trap: reason=unstable_if action=reinterpret pc=0x0000000003d28610 method=java.util.TaskQueue.isEmpty()Z @ 4

Classes redefined (0 events):
No events

Internal exceptions (10 events):
Event: 0.035 Thread 0x0000000003642800 Exception <a 'java/lang/NoSuchMethodError': Method sun.misc.Unsafe.prefetchRead(Ljava/lang/Object;J)V name or signature does not match> (0x0000000740387f88) thrown at [C:\re\workspace\8-2-build-windows-amd64-cygwin\jdk8u162\10278\hotspot\src\share\vm\prim
Event: 0.412 Thread 0x0000000003642800 Exception <a 'java/security/PrivilegedActionException'> (0x00000007434bda08) thrown at [C:\re\workspace\8-2-build-windows-amd64-cygwin\jdk8u162\10278\hotspot\src\share\vm\prims\jvm.cpp, line 1390]
Event: 0.412 Thread 0x0000000003642800 Exception <a 'java/security/PrivilegedActionException'> (0x00000007434bdc18) thrown at [C:\re\workspace\8-2-build-windows-amd64-cygwin\jdk8u162\10278\hotspot\src\share\vm\prims\jvm.cpp, line 1390]
Event: 0.413 Thread 0x0000000003642800 Exception <a 'java/security/PrivilegedActionException'> (0x00000007434c1888) thrown at [C:\re\workspace\8-2-build-windows-amd64-cygwin\jdk8u162\10278\hotspot\src\share\vm\prims\jvm.cpp, line 1390]
Event: 0.413 Thread 0x0000000003642800 Exception <a 'java/security/PrivilegedActionException'> (0x00000007434c1a98) thrown at [C:\re\workspace\8-2-build-windows-amd64-cygwin\jdk8u162\10278\hotspot\src\share\vm\prims\jvm.cpp, line 1390]
Event: 0.422 Thread 0x0000000003642800 Exception <a 'java/io/FileNotFoundException'> (0x00000007434cdc80) thrown at [C:\re\workspace\8-2-build-windows-amd64-cygwin\jdk8u162\10278\hotspot\src\share\vm\prims\jni.cpp, line 709]
Event: 0.449 Thread 0x0000000003642800 Exception <a 'java/lang/NoSuchFieldError': method resolution failed> (0x000000074359ddb0) thrown at [C:\re\workspace\8-2-build-windows-amd64-cygwin\jdk8u162\10278\hotspot\src\share\vm\prims\methodHandles.cpp, line 1167]
Event: 0.451 Thread 0x0000000003642800 Exception <a 'java/lang/NoSuchFieldError': method resolution failed> (0x00000007435ab0d0) thrown at [C:\re\workspace\8-2-build-windows-amd64-cygwin\jdk8u162\10278\hotspot\src\share\vm\prims\methodHandles.cpp, line 1167]
Event: 0.940 Thread 0x0000000003642800 Exception <a 'java/io/FileNotFoundException'> (0x0000000743c67250) thrown at [C:\re\workspace\8-2-build-windows-amd64-cygwin\jdk8u162\10278\hotspot\src\share\vm\prims\jni.cpp, line 709]
Event: 170.312 Thread 0x0000000024d80000 Implicit null exception at 0x0000000003d256ca to 0x0000000003d25969

Events (10 events):
Event: 493.547 Thread 0x0000000024d80000 Thread added: 0x0000000024d80000
Event: 493.547 Thread 0x000000006a450800 Thread added: 0x000000006a450800
Event: 493.548 loading class jogamp/newt/DisplayImpl$6
Event: 493.548 loading class jogamp/newt/DisplayImpl$6 done
Event: 493.548 Thread 0x0000000025396800 Thread added: 0x0000000025396800
Event: 493.549 loading class java/nio/channels/ClosedChannelException
Event: 493.549 loading class sun/java2d/pipe/hw/AccelDeviceEventNotifier
Event: 493.549 loading class java/nio/channels/ClosedChannelException done
Event: 493.550 Thread 0x0000000025182800 Thread exited: 0x0000000025182800
Event: 493.550 loading class sun/java2d/pipe/hw/AccelDeviceEventNotifier done


Dynamic libraries:
0x00007ff794990000 - 0x00007ff7949c7000 	C:\Program Files\Java\jre1.8.0_162\bin\javaw.exe
0x00007ff931d70000 - 0x00007ff931f51000 	C:\WINDOWS\SYSTEM32\ntdll.dll
0x00007ff9308f0000 - 0x00007ff9309a2000 	C:\WINDOWS\System32\KERNEL32.DLL
0x00007ff92e1e0000 - 0x00007ff92e453000 	C:\WINDOWS\System32\KERNELBASE.dll
0x00007ff931690000 - 0x00007ff931731000 	C:\WINDOWS\System32\ADVAPI32.dll
0x00007ff931b80000 - 0x00007ff931c1e000 	C:\WINDOWS\System32\msvcrt.dll
0x00007ff9309b0000 - 0x00007ff930a0b000 	C:\WINDOWS\System32\sechost.dll
0x00007ff930f20000 - 0x00007ff931044000 	C:\WINDOWS\System32\RPCRT4.dll
0x00007ff931740000 - 0x00007ff9318d0000 	C:\WINDOWS\System32\USER32.dll
0x00007ff92e650000 - 0x00007ff92e670000 	C:\WINDOWS\System32\win32u.dll
0x00007ff9315b0000 - 0x00007ff9315d8000 	C:\WINDOWS\System32\GDI32.dll
0x00007ff92e8a0000 - 0x00007ff92ea32000 	C:\WINDOWS\System32\gdi32full.dll
0x00007ff92e140000 - 0x00007ff92e1df000 	C:\WINDOWS\System32\msvcp_win.dll
0x00007ff92e7a0000 - 0x00007ff92e89a000 	C:\WINDOWS\System32\ucrtbase.dll
0x00007ff921100000 - 0x00007ff921369000 	C:\WINDOWS\WinSxS\amd64_microsoft.windows.common-controls_6595b64144ccf1df_6.0.17134.254_none_fb41980530664d2b\COMCTL32.dll
0x00007ff930a70000 - 0x00007ff930d93000 	C:\WINDOWS\System32\combase.dll
0x00007ff92e6d0000 - 0x00007ff92e74a000 	C:\WINDOWS\System32\bcryptPrimitives.dll
0x00007ff931cf0000 - 0x00007ff931d1d000 	C:\WINDOWS\System32\IMM32.DLL
0x0000000069240000 - 0x0000000069311000 	C:\Program Files\Java\jre1.8.0_162\bin\msvcr100.dll
0x00000000694f0000 - 0x0000000069d90000 	C:\Program Files\Java\jre1.8.0_162\bin\server\jvm.dll
0x00007ff930720000 - 0x00007ff930728000 	C:\WINDOWS\System32\PSAPI.DLL
0x00007ff92a640000 - 0x00007ff92a663000 	C:\WINDOWS\SYSTEM32\WINMM.dll
0x00007ff928c00000 - 0x00007ff928c0a000 	C:\WINDOWS\SYSTEM32\VERSION.dll
0x00007ff90e140000 - 0x00007ff90e149000 	C:\WINDOWS\SYSTEM32\WSOCK32.dll
0x00007ff931050000 - 0x00007ff9310bc000 	C:\WINDOWS\System32\WS2_32.dll
0x00007ff92a990000 - 0x00007ff92a9ba000 	C:\WINDOWS\SYSTEM32\winmmbase.dll
0x00007ff92e750000 - 0x00007ff92e799000 	C:\WINDOWS\System32\cfgmgr32.dll
0x0000000069400000 - 0x000000006940f000 	C:\Program Files\Java\jre1.8.0_162\bin\verify.dll
0x00000000693d0000 - 0x00000000693f9000 	C:\Program Files\Java\jre1.8.0_162\bin\java.dll
0x00000000693b0000 - 0x00000000693c6000 	C:\Program Files\Java\jre1.8.0_162\bin\zip.dll
0x00007ff92f260000 - 0x00007ff9306a0000 	C:\WINDOWS\System32\SHELL32.dll
0x00007ff9315e0000 - 0x00007ff931689000 	C:\WINDOWS\System32\shcore.dll
0x00007ff92ea40000 - 0x00007ff92f14d000 	C:\WINDOWS\System32\windows.storage.dll
0x00007ff930a10000 - 0x00007ff930a61000 	C:\WINDOWS\System32\shlwapi.dll
0x00007ff92e080000 - 0x00007ff92e091000 	C:\WINDOWS\System32\kernel.appcore.dll
0x00007ff92e0d0000 - 0x00007ff92e0ef000 	C:\WINDOWS\System32\profapi.dll
0x00007ff92e0f0000 - 0x00007ff92e13c000 	C:\WINDOWS\System32\powrprof.dll
0x00007ff92e0a0000 - 0x00007ff92e0aa000 	C:\WINDOWS\System32\FLTLIB.DLL
0x00000000690a0000 - 0x0000000069238000 	C:\Program Files\Java\jre1.8.0_162\bin\awt.dll
0x00007ff931c20000 - 0x00007ff931ce2000 	C:\WINDOWS\System32\OLEAUT32.dll
0x00007ff92c320000 - 0x00007ff92c3ab000 	C:\WINDOWS\SYSTEM32\apphelp.dll
0x00007ff92dab0000 - 0x00007ff92dac7000 	C:\WINDOWS\SYSTEM32\CRYPTSP.dll
0x00007ff92d4e0000 - 0x00007ff92d513000 	C:\WINDOWS\system32\rsaenh.dll
0x00007ff92dbe0000 - 0x00007ff92dc05000 	C:\WINDOWS\SYSTEM32\bcrypt.dll
0x00007ff92dfb0000 - 0x00007ff92dfd8000 	C:\WINDOWS\SYSTEM32\USERENV.dll
0x00007ff92dad0000 - 0x00007ff92dadb000 	C:\WINDOWS\SYSTEM32\CRYPTBASE.dll
0x0000000069390000 - 0x00000000693aa000 	C:\Program Files\Java\jre1.8.0_162\bin\net.dll
0x00007ff92d900000 - 0x00007ff92d966000 	C:\WINDOWS\system32\mswsock.dll
0x00007ff92d680000 - 0x00007ff92d6b8000 	C:\WINDOWS\SYSTEM32\IPHLPAPI.DLL
0x00007ff931b70000 - 0x00007ff931b78000 	C:\WINDOWS\System32\NSI.dll
0x00007ff929160000 - 0x00007ff929176000 	C:\WINDOWS\SYSTEM32\dhcpcsvc6.DLL
0x00007ff929140000 - 0x00007ff92915a000 	C:\WINDOWS\SYSTEM32\dhcpcsvc.DLL
0x0000000069370000 - 0x0000000069381000 	C:\Program Files\Java\jre1.8.0_162\bin\nio.dll
0x00000000637c0000 - 0x00000000637cd000 	C:\Users\Athos\AppData\Local\Temp\jogamp_0000\file_cache\jln5325297704633279462\jln8400180705667774708\natives\windows-amd64\gluegen-rt.dll
0x00007ff92c450000 - 0x00007ff92c4e8000 	C:\WINDOWS\system32\uxtheme.dll
0x00007ff930da0000 - 0x00007ff930f15000 	C:\WINDOWS\System32\MSCTF.dll
0x00007ff92c730000 - 0x00007ff92c759000 	C:\WINDOWS\system32\dwmapi.dll
0x00007ff930790000 - 0x00007ff9308e1000 	C:\WINDOWS\System32\ole32.dll
0x0000000069090000 - 0x0000000069097000 	C:\Program Files\Java\jre1.8.0_162\bin\jawt.dll
0x000000006a440000 - 0x000000006a44d000 	C:\Users\Athos\AppData\Local\Temp\jogamp_0000\file_cache\jln5325297704633279462\jln8400180705667774708\natives\windows-amd64\nativewindow_awt.dll
0x00007ff907390000 - 0x00007ff9074b0000 	C:\WINDOWS\system32\opengl32.dll
0x00007ff923f80000 - 0x00007ff923fac000 	C:\WINDOWS\SYSTEM32\GLU32.dll
0x00007ff9240d0000 - 0x00007ff924267000 	C:\WINDOWS\system32\d3d9.dll
0x00007ff928ca0000 - 0x00007ff928d8c000 	C:\WINDOWS\System32\DriverStore\FileRepository\nvmii.inf_amd64_9919b3b9523cd68f\nvldumdx.dll
0x00007ff92e460000 - 0x00007ff92e642000 	C:\WINDOWS\System32\crypt32.dll
0x00007ff92e0b0000 - 0x00007ff92e0c2000 	C:\WINDOWS\System32\MSASN1.dll
0x00007ff92e670000 - 0x00007ff92e6c7000 	C:\WINDOWS\System32\WINTRUST.DLL
0x00007ff931d20000 - 0x00007ff931d3d000 	C:\WINDOWS\System32\imagehlp.dll
0x00007ff8e41c0000 - 0x00007ff8e53f9000 	C:\WINDOWS\System32\DriverStore\FileRepository\nvmii.inf_amd64_9919b3b9523cd68f\nvd3dumx.dll
0x00007ff925580000 - 0x00007ff925643000 	C:\Program Files (x86)\NVIDIA Corporation\3D Vision\nvSCPAPI64.dll
0x00007ff9310c0000 - 0x00007ff93150b000 	C:\WINDOWS\System32\SETUPAPI.dll
0x00007ff90ab00000 - 0x00007ff90ad66000 	C:\WINDOWS\system32\nvspcap64.dll
0x00007ff92d170000 - 0x00007ff92d1a1000 	C:\WINDOWS\SYSTEM32\ntmarta.dll
0x000000006c100000 - 0x000000006c10f000 	C:\Users\Athos\AppData\Local\Temp\jogamp_0000\file_cache\jln5325297704633279462\jln8400180705667774708\natives\windows-amd64\nativewindow_win32.dll
0x0000000064500000 - 0x00000000645b1000 	C:\Users\Athos\AppData\Local\Temp\jogamp_0000\file_cache\jln5325297704633279462\jln8400180705667774708\natives\windows-amd64\jogl_desktop.dll
0x0000000064340000 - 0x00000000643a2000 	C:\Users\Athos\AppData\Local\Temp\jogamp_0000\file_cache\jln5325297704633279462\jln8400180705667774708\natives\windows-amd64\jogl_mobile.dll
0x000000002f9f0000 - 0x0000000032075000 	C:\WINDOWS\System32\DriverStore\FileRepository\nvmii.inf_amd64_9919b3b9523cd68f\nvoglv64.dll
0x00007ff92a2d0000 - 0x00007ff92a2e3000 	C:\WINDOWS\SYSTEM32\WTSAPI32.dll
0x00007ff92de90000 - 0x00007ff92deb7000 	C:\WINDOWS\SYSTEM32\DEVOBJ.dll
0x00007ff92d1e0000 - 0x00007ff92d236000 	C:\WINDOWS\SYSTEM32\WINSTA.dll
0x000000006cbc0000 - 0x000000006cbd3000 	C:\Users\Athos\AppData\Local\Temp\jogamp_0000\file_cache\jln5325297704633279462\jln8400180705667774708\natives\windows-amd64\newt.dll
0x00007ff921370000 - 0x00007ff921418000 	C:\WINDOWS\SYSTEM32\mscms.dll
0x00007ff9210f0000 - 0x00007ff921100000 	C:\WINDOWS\SYSTEM32\ColorAdapterClient.dll
0x00007ff91f040000 - 0x00007ff91f083000 	C:\WINDOWS\SYSTEM32\icm32.dll
0x00007ff923610000 - 0x00007ff9236a7000 	C:\WINDOWS\System32\TextInputFramework.dll
0x00007ff929240000 - 0x00007ff92955e000 	C:\WINDOWS\System32\CoreUIComponents.dll
0x00007ff92c100000 - 0x00007ff92c1da000 	C:\WINDOWS\System32\CoreMessaging.dll
0x00007ff929560000 - 0x00007ff9296ad000 	C:\WINDOWS\SYSTEM32\wintypes.dll
0x00007ff931510000 - 0x00007ff9315b0000 	C:\WINDOWS\System32\clbcatq.dll
0x00007ff8d1430000 - 0x00007ff8d181c000 	C:\WINDOWS\system32\GooglePinyin2.ime
0x00007ff923a00000 - 0x00007ff923b9a000 	C:\WINDOWS\WinSxS\amd64_microsoft.windows.gdiplus_6595b64144ccf1df_1.1.17134.254_none_2c2c8aea8af8c6f9\gdiplus.dll
0x00007ff925e00000 - 0x00007ff925e07000 	C:\WINDOWS\system32\MSIMG32.dll
0x00007ff925930000 - 0x00007ff925949000 	C:\WINDOWS\system32\USP10.dll
0x00007ff9233d0000 - 0x00007ff923599000 	C:\WINDOWS\system32\dbghelp.dll
0x00007ff917d00000 - 0x00007ff91816e000 	C:\WINDOWS\system32\WININET.dll
0x00007ff8d0fa0000 - 0x00007ff8d142f000 	C:\WINDOWS\SYSTEM32\AcLayers.DLL
0x00007ff9238c0000 - 0x00007ff923944000 	C:\WINDOWS\SYSTEM32\WINSPOOL.DRV
0x00007ff929f60000 - 0x00007ff92a114000 	C:\WINDOWS\SYSTEM32\PROPSYS.dll
0x000000002eae0000 - 0x000000002eae3000 	C:\WINDOWS\SYSTEM32\sfc.dll
0x00007ff90e100000 - 0x00007ff90e113000 	C:\WINDOWS\SYSTEM32\sfc_os.DLL
0x00007ff92df80000 - 0x00007ff92dfb0000 	C:\WINDOWS\SYSTEM32\SspiCli.dll
0x00007ff9233a0000 - 0x00007ff9233c9000 	C:\WINDOWS\system32\dbgcore.DLL
0x00007ff91b1a0000 - 0x00007ff91b1f0000 	C:\WINDOWS\SYSTEM32\msIso.dll
0x00007ff918300000 - 0x00007ff918533000 	C:\WINDOWS\System32\msxml3.dll
0x00007ff929c20000 - 0x00007ff929dce000 	C:\WINDOWS\SYSTEM32\WindowsCodecs.dll
0x00007ff9208b0000 - 0x00007ff920bcc000 	C:\WINDOWS\SYSTEM32\DWrite.dll

VM Arguments:
jvm_args: -ea -Dfile.encoding=GBK 
java_command: unsw.graphics.world.World C:\Users\Athos\Desktop\3421\comp3421_ass2\UNSWgraph-0.18\res\worlds\test1.json
java_class_path (initial): C:\Program Files\Java\jre1.8.0_162\lib\resources.jar;C:\Program Files\Java\jre1.8.0_162\lib\rt.jar;C:\Program Files\Java\jre1.8.0_162\lib\jsse.jar;C:\Program Files\Java\jre1.8.0_162\lib\jce.jar;C:\Program Files\Java\jre1.8.0_162\lib\charsets.jar;C:\Program Files\Java\jre1.8.0_162\lib\jfr.jar;C:\Program Files\Java\jre1.8.0_162\lib\ext\access-bridge-64.jar;C:\Program Files\Java\jre1.8.0_162\lib\ext\cldrdata.jar;C:\Program Files\Java\jre1.8.0_162\lib\ext\dnsns.jar;C:\Program Files\Java\jre1.8.0_162\lib\ext\jaccess.jar;C:\Program Files\Java\jre1.8.0_162\lib\ext\jfxrt.jar;C:\Program Files\Java\jre1.8.0_162\lib\ext\localedata.jar;C:\Program Files\Java\jre1.8.0_162\lib\ext\nashorn.jar;C:\Program Files\Java\jre1.8.0_162\lib\ext\sunec.jar;C:\Program Files\Java\jre1.8.0_162\lib\ext\sunjce_provider.jar;C:\Program Files\Java\jre1.8.0_162\lib\ext\sunmscapi.jar;C:\Program Files\Java\jre1.8.0_162\lib\ext\sunpkcs11.jar;C:\Program Files\Java\jre1.8.0_162\lib\ext\zipfs.jar;C:\Users\Athos\Desktop\3421\comp3421_ass2\UNSWgraph-0.18\bin;C:\Users\Athos\Desktop\3421\comp3421_ass2\UNSWgraph-0.18\lib\gluegen-rt.jar;C:\Users\Athos\Desktop\3421\comp3421_ass2\UNSWgraph-0.18\lib\jogl-all.jar;C:\Users\Athos\.p2\pool\plugins\org.junit_4.12.0.v201504281640\junit.jar;C:\Users\Athos\.p2\pool\plugins\org.hamcrest.core_1.3.0.v20180420-1519.jar;C:\Users\Athos\Desktop\3421\comp3421_ass2\UNSWgraph-0.18\lib\jply.jar;C:\Users\Athos\Desktop\3421\comp3421_ass2\UNSWgraph-0.18\lib\commons-lang3-3.7.jar
Launcher Type: SUN_STANDARD

Environment Variables:
JAVA_HOME=G:\jdk_8
CLASSPATH=.;G:\jdk_8\lib\dt.jar;G:\jdk_8\lib\tools.jar;
PATH=C:/Program Files/Java/jre1.8.0_162/bin/server;C:/Program Files/Java/jre1.8.0_162/bin;C:/Program Files/Java/jre1.8.0_162/lib/amd64;C:\Program Files\NVIDIA GPU Computing Toolkit\CUDA\v9.0\bin;C:\Program Files\NVIDIA GPU Computing Toolkit\CUDA\v9.0\libnvvp;C:\ProgramData\Oracle\Java\javapath;C:\Program Files (x86)\Intel\iCLS Client\;C:\Program Files\Intel\iCLS Client\;C:\WINDOWS\system32;C:\WINDOWS;C:\WINDOWS\System32\Wbem;C:\WINDOWS\System32\WindowsPowerShell\v1.0\;C:\Program Files (x86)\Intel\Intel(R) Management Engine Components\DAL;C:\Program Files\Intel\Intel(R) Management Engine Components\DAL;C:\Program Files (x86)\Intel\Intel(R) Management Engine Components\IPT;C:\Program Files\Intel\Intel(R) Management Engine Components\IPT;G:\jdk_8\bin;C:\Program Files (x86)\NVIDIA Corporation\PhysX\Common;C:\Program Files\Java\jre1.8.0_162\bin;C:\WINDOWS\system32;C:\WINDOWS;C:\WINDOWS\System32\Wbem;C:\WINDOWS\System32\WindowsPowerShell\v1.0\;C:\WINDOWS\System32\OpenSSH\;%NODE_PATH%;D:\node\;D:\python\Scripts\;D:\python\;C:\Users\Athos\AppData\Local\Microsoft\WindowsApps;C:\Users\Athos\AppData\Local\atom\bin;C:\Users\Athos\AppData\Local\GitHubDesktop\bin;D:\visual_editor\Microsoft VS Code\bin;C:\Users\Athos\AppData\Local\Microsoft\WindowsApps;C:\Users\Athos\AppData\Roaming\npm;C:\Users\Athos\Desktop;
USERNAME=Athos
OS=Windows_NT
PROCESSOR_IDENTIFIER=Intel64 Family 6 Model 94 Stepping 3, GenuineIntel



---------------  S Y S T E M  ---------------

OS: Windows 10.0 , 64 bit Build 17134 (10.0.17134.1)

CPU:total 8 (initial active 8) (4 cores per cpu, 2 threads per core) family 6 model 94 stepping 3, cmov, cx8, fxsr, mmx, sse, sse2, sse3, ssse3, sse4.1, sse4.2, popcnt, avx, avx2, aes, clmul, erms, rtm, 3dnowpref, lzcnt, ht, tsc, tscinvbit, bmi1, bmi2, adx

Memory: 4k page, physical 25117728k(551900k free), swap 40459820k(4564k free)

vm_info: Java HotSpot(TM) 64-Bit Server VM (25.162-b12) for windows-amd64 JRE (1.8.0_162-b12), built on Dec 19 2017 20:00:03 by "java_re" with MS VC++ 10.0 (VS2010)

time: Sat Sep 22 13:26:17 2018
elapsed time: 493 seconds (0d 0h 8m 13s)

