#
# A fatal error has been detected by the Java Runtime Environment:
#
#  EXCEPTION_ACCESS_VIOLATION (0xc0000005) at pc=0x000000002519feee, pid=6964, tid=0x0000000000002b20
#
# JRE version: Java(TM) SE Runtime Environment (8.0_162-b12) (build 1.8.0_162-b12)
# Java VM: Java HotSpot(TM) 64-Bit Server VM (25.162-b12 mixed mode windows-amd64 compressed oops)
# Problematic frame:
# C  0x000000002519feee
#
# Failed to write core dump. Minidumps are not enabled by default on client versions of Windows
#
# If you would like to submit a bug report, please visit:
#   http://bugreport.java.com/bugreport/crash.jsp
# The crash happened outside the Java Virtual Machine in native code.
# See problematic frame for where to report the bug.
#

---------------  T H R E A D  ---------------

Current thread (0x0000000024ce9000):  JavaThread "main-FPSAWTAnimator#00-Timer0" [_thread_in_native, id=11040, stack(0x0000000033290000,0x0000000033390000)]

siginfo: ExceptionCode=0xc0000005, reading address 0x0000000000000000

Registers:
RAX=0x0000000028302800, RBX=0x00000000250d0000, RCX=0x0000000000000000, RDX=0x0000000000000004
RSP=0x000000003338ebf0, RBP=0x00000000bf800000, RSI=0x0000000000000000, RDI=0x0000000000000000
R8 =0x0000000000000000, R9 =0x0000000000000004, R10=0x0000000033390040, R11=0x0000000000000000
R12=0x0000000000000000, R13=0x0000000000000000, R14=0x0000000000000006, R15=0x0000000028302800
RIP=0x000000002519feee, EFLAGS=0x0000000000010246

Top of Stack: (sp=0x000000003338ebf0)
0x000000003338ebf0:   00000000282c78b4 0000000000000000
0x000000003338ec00:   0000000000000004 00000000250d0000
0x000000003338ec10:   0000000033390040 0000000060807649
0x000000003338ec20:   00000000250d0000 0000000033390040
0x000000003338ec30:   0000000000000004 00000000250d0000
0x000000003338ec40:   000000003338ecb0 000000006082c6ba
0x000000003338ec50:   0000000033390040 0000000030488088
0x000000003338ec60:   0000000000000006 0000000033390040
0x000000003338ec70:   0000000000000004 0000000000000000
0x000000003338ec80:   00000000250d0000 0000000060803f1d
0x000000003338ec90:   00000000250d0000 0000000000000000
0x000000003338eca0:   000000002e085930 0000000024ce9000
0x000000003338ecb0:   0000000000004003 00c0000000000000
0x000000003338ecc0:   000000003338edf8 00000000603efb81
0x000000003338ecd0:   00000000250d0000 0000000000000000
0x000000003338ece0:   0000000000000040 0000000000000006 

Instructions: (pc=0x000000002519feee)
0x000000002519fece:   78 08 48 be d0 82 12 25 00 00 00 00 48 8b 36 48
0x000000002519fede:   8b b6 68 03 00 00 48 8b f9 48 c1 e7 04 48 03 f7
0x000000002519feee:   8b 3e 8b 6e 04 89 78 0c 89 68 10 8b 7e 08 8b 6e
0x000000002519fefe:   0c 89 78 14 89 68 18 48 83 c0 1c ff c1 ff ca 75 


Register to memory mapping:

RAX=0x0000000028302800 is an unknown value
RBX=0x00000000250d0000 is an unknown value
RCX=0x0000000000000000 is an unknown value
RDX=0x0000000000000004 is an unknown value
RSP=0x000000003338ebf0 is pointing into the stack for thread: 0x0000000024ce9000
RBP=0x00000000bf800000 is an unknown value
RSI=0x0000000000000000 is an unknown value
RDI=0x0000000000000000 is an unknown value
R8 =0x0000000000000000 is an unknown value
R9 =0x0000000000000004 is an unknown value
R10=0x0000000033390040 is an unknown value
R11=0x0000000000000000 is an unknown value
R12=0x0000000000000000 is an unknown value
R13=0x0000000000000000 is an unknown value
R14=0x0000000000000006 is an unknown value
R15=0x0000000028302800 is an unknown value


Stack: [0x0000000033290000,0x0000000033390000],  sp=0x000000003338ebf0,  free space=1018k
Native frames: (J=compiled Java code, j=interpreted, Vv=VM code, C=native code)
C  0x000000002519feee

Java frames: (J=compiled Java code, j=interpreted, Vv=VM code)
j  jogamp.opengl.gl4.GL4bcImpl.dispatch_glDrawArrays1(IIIJ)V+0
j  jogamp.opengl.gl4.GL4bcImpl.glDrawArrays(III)V+45
j  unsw.graphics.geometry.TriangleFan3D.draw(Lcom/jogamp/opengl/GL3;Lunsw/graphics/CoordFrame3D;)V+102
j  unsw.graphics.examples.FlatShadedCube.drawCube(Lcom/jogamp/opengl/GL3;Lunsw/graphics/CoordFrame3D;)V+102
j  unsw.graphics.examples.FlatShadedCube.display(Lcom/jogamp/opengl/GL3;)V+42
j  unsw.graphics.Application.display(Lcom/jogamp/opengl/GLAutoDrawable;)V+14
j  jogamp.opengl.GLDrawableHelper.displayImpl(Lcom/jogamp/opengl/GLAutoDrawable;)V+62
j  jogamp.opengl.GLDrawableHelper.display(Lcom/jogamp/opengl/GLAutoDrawable;)V+2
j  jogamp.opengl.GLAutoDrawableBase$2.run()V+59
j  jogamp.opengl.GLDrawableHelper.invokeGLImpl(Lcom/jogamp/opengl/GLDrawable;Lcom/jogamp/opengl/GLContext;Ljava/lang/Runnable;Ljava/lang/Runnable;)V+203
j  jogamp.opengl.GLDrawableHelper.invokeGL(Lcom/jogamp/opengl/GLDrawable;Lcom/jogamp/opengl/GLContext;Ljava/lang/Runnable;Ljava/lang/Runnable;)V+72
j  com.jogamp.newt.opengl.GLWindow.display()V+90
j  com.jogamp.opengl.util.AWTAnimatorImpl.display(Ljava/util/ArrayList;ZZ)V+68
j  com.jogamp.opengl.util.AnimatorBase.display()V+16
j  com.jogamp.opengl.util.FPSAnimator$MainTask.run()V+216
j  java.util.TimerThread.mainLoop()V+221
j  java.util.TimerThread.run()V+1
v  ~StubRoutines::call_stub

---------------  P R O C E S S  ---------------

Java Threads: ( => current thread )
  0x0000000003372800 JavaThread "DestroyJavaVM" [_thread_blocked, id=17920, stack(0x0000000003270000,0x0000000003370000)]
=>0x0000000024ce9000 JavaThread "main-FPSAWTAnimator#00-Timer0" [_thread_in_native, id=11040, stack(0x0000000033290000,0x0000000033390000)]
  0x0000000024e73800 JavaThread "main-Display-.windows_nil-1-EDT-1" daemon [_thread_blocked, id=13584, stack(0x0000000032d60000,0x0000000032e60000)]
  0x000000002e25e800 JavaThread "main-SharedResourceRunner" daemon [_thread_blocked, id=6068, stack(0x000000002f3f0000,0x000000002f4f0000)]
  0x0000000024899800 JavaThread "AWT-Windows" daemon [_thread_in_native, id=10580, stack(0x00000000251b0000,0x00000000252b0000)]
  0x0000000024898800 JavaThread "Java2D Disposer" daemon [_thread_blocked, id=10904, stack(0x0000000024fb0000,0x00000000250b0000)]
  0x00000000239da800 JavaThread "Service Thread" daemon [_thread_blocked, id=15376, stack(0x0000000024400000,0x0000000024500000)]
  0x000000002393f800 JavaThread "C1 CompilerThread3" daemon [_thread_blocked, id=11644, stack(0x0000000024300000,0x0000000024400000)]
  0x0000000023938800 JavaThread "C2 CompilerThread2" daemon [_thread_blocked, id=18420, stack(0x0000000024200000,0x0000000024300000)]
  0x000000002392b000 JavaThread "C2 CompilerThread1" daemon [_thread_blocked, id=9144, stack(0x0000000024100000,0x0000000024200000)]
  0x0000000023929000 JavaThread "C2 CompilerThread0" daemon [_thread_blocked, id=7416, stack(0x0000000024000000,0x0000000024100000)]
  0x0000000023927000 JavaThread "Attach Listener" daemon [_thread_blocked, id=11164, stack(0x0000000023f00000,0x0000000024000000)]
  0x0000000023926800 JavaThread "Signal Dispatcher" daemon [_thread_blocked, id=15872, stack(0x0000000023e00000,0x0000000023f00000)]
  0x00000000238c0800 JavaThread "Finalizer" daemon [_thread_blocked, id=3672, stack(0x0000000023ca0000,0x0000000023da0000)]
  0x00000000219cd000 JavaThread "Reference Handler" daemon [_thread_blocked, id=17848, stack(0x00000000237a0000,0x00000000238a0000)]

Other Threads:
  0x00000000219c9800 VMThread [stack: 0x00000000236a0000,0x00000000237a0000] [id=3492]
  0x00000000239f4800 WatcherThread [stack: 0x0000000024500000,0x0000000024600000] [id=1476]

VM state:not at safepoint (normal execution)

VM Mutex/Monitor currently owned by a thread: None

Heap:
 PSYoungGen      total 114688K, used 52046K [0x0000000740380000, 0x0000000748380000, 0x00000007c0000000)
  eden space 98304K, 52% used [0x0000000740380000,0x0000000743653960,0x0000000746380000)
  from space 16384K, 0% used [0x0000000747380000,0x0000000747380000,0x0000000748380000)
  to   space 16384K, 0% used [0x0000000746380000,0x0000000746380000,0x0000000747380000)
 ParOldGen       total 262144K, used 0K [0x0000000640a00000, 0x0000000650a00000, 0x0000000740380000)
  object space 262144K, 0% used [0x0000000640a00000,0x0000000640a00000,0x0000000650a00000)
 Metaspace       used 13605K, capacity 13838K, committed 14080K, reserved 1062912K
  class space    used 1336K, capacity 1409K, committed 1536K, reserved 1048576K

Card table byte_map: [0x0000000012830000,0x0000000013430000] byte_map_base: 0x000000000f62b000

Marking Bits: (ParMarkBitMap*) 0x0000000062f80860
 Begin Bits: [0x0000000014430000, 0x000000001a408000)
 End Bits:   [0x000000001a408000, 0x00000000203e0000)

Polling page: 0x0000000001550000

CodeCache: size=245760Kb used=3170Kb max_used=3170Kb free=242589Kb
 bounds [0x0000000003470000, 0x0000000003790000, 0x0000000012470000]
 total_blobs=1507 nmethods=742 adapters=678
 compilation: enabled

Compilation events (10 events):
Event: 2.561 Thread 0x000000002393f800  737       3       java.lang.ClassLoader::checkPackageAccess (122 bytes)
Event: 2.562 Thread 0x000000002393f800 nmethod 737 0x00000000037862d0 code [0x0000000003786500, 0x00000000037870e8]
Event: 2.562 Thread 0x000000002393f800  738   !   3       java.util.Collections$SynchronizedCollection::add (25 bytes)
Event: 2.562 Thread 0x000000002393f800 nmethod 738 0x0000000003787690 code [0x0000000003787800, 0x0000000003787bc8]
Event: 2.562 Thread 0x000000002393f800  739       3       java.util.HashMap::afterNodeAccess (1 bytes)
Event: 2.563 Thread 0x000000002393f800 nmethod 739 0x0000000003787d10 code [0x0000000003787e60, 0x0000000003787fb0]
Event: 2.582 Thread 0x000000002393f800  741       3       java.nio.ByteBuffer::arrayOffset (35 bytes)
Event: 2.583 Thread 0x000000002393f800 nmethod 741 0x0000000003788cd0 code [0x0000000003788e60, 0x0000000003789178]
Event: 2.584 Thread 0x000000002393f800  742       3       java.nio.CharBuffer::arrayOffset (35 bytes)
Event: 2.585 Thread 0x000000002393f800 nmethod 742 0x00000000037892d0 code [0x0000000003789460, 0x0000000003789778]

GC Heap History (0 events):
No events

Deoptimization events (3 events):
Event: 0.146 Thread 0x0000000003372800 Uncommon trap: reason=unstable_if action=reinterpret pc=0x0000000003596984 method=java.lang.String.hashCode()I @ 14
Event: 0.302 Thread 0x0000000003372800 Uncommon trap: reason=unstable_if action=reinterpret pc=0x0000000003617b78 method=java.lang.String.indexOf([CII[CIII)I @ 3
Event: 2.448 Thread 0x0000000003372800 Uncommon trap: reason=unstable_if action=reinterpret pc=0x00000000037482f4 method=java.lang.reflect.AccessibleObject.setAccessible0(Ljava/lang/reflect/AccessibleObject;Z)V @ 4

Classes redefined (0 events):
No events

Internal exceptions (10 events):
Event: 0.040 Thread 0x0000000003372800 Exception <a 'java/lang/NoSuchMethodError': Method sun.misc.Unsafe.defineClass(Ljava/lang/String;[BII)Ljava/lang/Class; name or signature does not match> (0x0000000740387ca0) thrown at [C:\re\workspace\8-2-build-windows-amd64-cygwin\jdk8u162\10278\hotspot
Event: 0.040 Thread 0x0000000003372800 Exception <a 'java/lang/NoSuchMethodError': Method sun.misc.Unsafe.prefetchRead(Ljava/lang/Object;J)V name or signature does not match> (0x0000000740387f88) thrown at [C:\re\workspace\8-2-build-windows-amd64-cygwin\jdk8u162\10278\hotspot\src\share\vm\prim
Event: 0.180 Thread 0x0000000003372800 Exception <a 'java/security/PrivilegedActionException'> (0x000000074052acd0) thrown at [C:\re\workspace\8-2-build-windows-amd64-cygwin\jdk8u162\10278\hotspot\src\share\vm\prims\jvm.cpp, line 1390]
Event: 0.180 Thread 0x0000000003372800 Exception <a 'java/security/PrivilegedActionException'> (0x000000074052aee0) thrown at [C:\re\workspace\8-2-build-windows-amd64-cygwin\jdk8u162\10278\hotspot\src\share\vm\prims\jvm.cpp, line 1390]
Event: 0.182 Thread 0x0000000003372800 Exception <a 'java/security/PrivilegedActionException'> (0x000000074052eb50) thrown at [C:\re\workspace\8-2-build-windows-amd64-cygwin\jdk8u162\10278\hotspot\src\share\vm\prims\jvm.cpp, line 1390]
Event: 0.182 Thread 0x0000000003372800 Exception <a 'java/security/PrivilegedActionException'> (0x000000074052ed60) thrown at [C:\re\workspace\8-2-build-windows-amd64-cygwin\jdk8u162\10278\hotspot\src\share\vm\prims\jvm.cpp, line 1390]
Event: 0.196 Thread 0x0000000003372800 Exception <a 'java/io/FileNotFoundException'> (0x0000000740546da8) thrown at [C:\re\workspace\8-2-build-windows-amd64-cygwin\jdk8u162\10278\hotspot\src\share\vm\prims\jni.cpp, line 709]
Event: 0.229 Thread 0x0000000003372800 Exception <a 'java/lang/NoSuchFieldError': method resolution failed> (0x0000000740802ea0) thrown at [C:\re\workspace\8-2-build-windows-amd64-cygwin\jdk8u162\10278\hotspot\src\share\vm\prims\methodHandles.cpp, line 1167]
Event: 0.230 Thread 0x0000000003372800 Exception <a 'java/lang/NoSuchFieldError': method resolution failed> (0x0000000740810270) thrown at [C:\re\workspace\8-2-build-windows-amd64-cygwin\jdk8u162\10278\hotspot\src\share\vm\prims\methodHandles.cpp, line 1167]
Event: 0.733 Thread 0x0000000003372800 Exception <a 'java/io/FileNotFoundException'> (0x0000000740d14a18) thrown at [C:\re\workspace\8-2-build-windows-amd64-cygwin\jdk8u162\10278\hotspot\src\share\vm\prims\jni.cpp, line 709]

Events (10 events):
Event: 2.595 loading class unsw/graphics/Vector3
Event: 2.595 loading class unsw/graphics/Vector3 done
Event: 2.597 loading class unsw/graphics/scene/MathUtil
Event: 2.597 loading class unsw/graphics/scene/MathUtil done
Event: 2.598 loading class unsw/graphics/Point3DBuffer
Event: 2.598 loading class unsw/graphics/Point3DBuffer done
Event: 2.600 loading class com/jogamp/opengl/util/GLBuffers
Event: 2.600 loading class com/jogamp/opengl/util/GLBuffers done
Event: 2.601 loading class com/jogamp/opengl/GLDebugMessage
Event: 2.601 loading class com/jogamp/opengl/GLDebugMessage done


Dynamic libraries:
0x00007ff6b78b0000 - 0x00007ff6b78e7000 	C:\Program Files\Java\jre1.8.0_162\bin\javaw.exe
0x00007fffbdb00000 - 0x00007fffbdce1000 	C:\WINDOWS\SYSTEM32\ntdll.dll
0x00007fffbb180000 - 0x00007fffbb232000 	C:\WINDOWS\System32\KERNEL32.DLL
0x00007fffba6f0000 - 0x00007fffba963000 	C:\WINDOWS\System32\KERNELBASE.dll
0x00007fffbb910000 - 0x00007fffbb9b1000 	C:\WINDOWS\System32\ADVAPI32.dll
0x00007fffbb270000 - 0x00007fffbb30e000 	C:\WINDOWS\System32\msvcrt.dll
0x00007fffbd870000 - 0x00007fffbd8cb000 	C:\WINDOWS\System32\sechost.dll
0x00007fffbd540000 - 0x00007fffbd664000 	C:\WINDOWS\System32\RPCRT4.dll
0x00007fffbaff0000 - 0x00007fffbb180000 	C:\WINDOWS\System32\USER32.dll
0x00007fffbaa10000 - 0x00007fffbaa30000 	C:\WINDOWS\System32\win32u.dll
0x00007fffbb760000 - 0x00007fffbb788000 	C:\WINDOWS\System32\GDI32.dll
0x00007fffbab80000 - 0x00007fffbad12000 	C:\WINDOWS\System32\gdi32full.dll
0x00007fffba970000 - 0x00007fffbaa0f000 	C:\WINDOWS\System32\msvcp_win.dll
0x00007fffbaa30000 - 0x00007fffbab2a000 	C:\WINDOWS\System32\ucrtbase.dll
0x00007fffac9a0000 - 0x00007fffacc09000 	C:\WINDOWS\WinSxS\amd64_microsoft.windows.common-controls_6595b64144ccf1df_6.0.17134.254_none_fb41980530664d2b\COMCTL32.dll
0x00007fffbbb40000 - 0x00007fffbbe63000 	C:\WINDOWS\System32\combase.dll
0x00007fffbad20000 - 0x00007fffbad9a000 	C:\WINDOWS\System32\bcryptPrimitives.dll
0x00007fffbb240000 - 0x00007fffbb26d000 	C:\WINDOWS\System32\IMM32.DLL
0x00000000624c0000 - 0x0000000062591000 	C:\Program Files\Java\jre1.8.0_162\bin\msvcr100.dll
0x0000000062760000 - 0x0000000063000000 	C:\Program Files\Java\jre1.8.0_162\bin\server\jvm.dll
0x00007fffbbf30000 - 0x00007fffbbf38000 	C:\WINDOWS\System32\PSAPI.DLL
0x00007fffb6620000 - 0x00007fffb6643000 	C:\WINDOWS\SYSTEM32\WINMM.dll
0x00007fff98270000 - 0x00007fff98279000 	C:\WINDOWS\SYSTEM32\WSOCK32.dll
0x00007fffb4b60000 - 0x00007fffb4b6a000 	C:\WINDOWS\SYSTEM32\VERSION.dll
0x00007fffbd4d0000 - 0x00007fffbd53c000 	C:\WINDOWS\System32\WS2_32.dll
0x00007fffb65f0000 - 0x00007fffb661a000 	C:\WINDOWS\SYSTEM32\winmmbase.dll
0x00007fffbab30000 - 0x00007fffbab79000 	C:\WINDOWS\System32\cfgmgr32.dll
0x0000000062670000 - 0x000000006267f000 	C:\Program Files\Java\jre1.8.0_162\bin\verify.dll
0x0000000062640000 - 0x0000000062669000 	C:\Program Files\Java\jre1.8.0_162\bin\java.dll
0x0000000062620000 - 0x0000000062636000 	C:\Program Files\Java\jre1.8.0_162\bin\zip.dll
0x00007fffbbfa0000 - 0x00007fffbd3e0000 	C:\WINDOWS\System32\SHELL32.dll
0x00007fffbb9c0000 - 0x00007fffbba69000 	C:\WINDOWS\System32\shcore.dll
0x00007fffb9f30000 - 0x00007fffba63d000 	C:\WINDOWS\System32\windows.storage.dll
0x00007fffbd670000 - 0x00007fffbd6c1000 	C:\WINDOWS\System32\shlwapi.dll
0x00007fffb9eb0000 - 0x00007fffb9ec1000 	C:\WINDOWS\System32\kernel.appcore.dll
0x00007fffb9e90000 - 0x00007fffb9eaf000 	C:\WINDOWS\System32\profapi.dll
0x00007fffb9e10000 - 0x00007fffb9e5c000 	C:\WINDOWS\System32\powrprof.dll
0x00007fffb9e60000 - 0x00007fffb9e6a000 	C:\WINDOWS\System32\FLTLIB.DLL
0x0000000062320000 - 0x00000000624b8000 	C:\Program Files\Java\jre1.8.0_162\bin\awt.dll
0x00007fffbba70000 - 0x00007fffbbb32000 	C:\WINDOWS\System32\OLEAUT32.dll
0x00007fffb80b0000 - 0x00007fffb813b000 	C:\WINDOWS\SYSTEM32\apphelp.dll
0x00007fffb9840000 - 0x00007fffb9857000 	C:\WINDOWS\SYSTEM32\CRYPTSP.dll
0x00007fffb9270000 - 0x00007fffb92a3000 	C:\WINDOWS\system32\rsaenh.dll
0x00007fffb9970000 - 0x00007fffb9995000 	C:\WINDOWS\SYSTEM32\bcrypt.dll
0x00007fffb9d40000 - 0x00007fffb9d68000 	C:\WINDOWS\SYSTEM32\USERENV.dll
0x00007fffb9860000 - 0x00007fffb986b000 	C:\WINDOWS\SYSTEM32\CRYPTBASE.dll
0x0000000062600000 - 0x000000006261a000 	C:\Program Files\Java\jre1.8.0_162\bin\net.dll
0x00007fffb9690000 - 0x00007fffb96f6000 	C:\WINDOWS\system32\mswsock.dll
0x00007fffb9410000 - 0x00007fffb9448000 	C:\WINDOWS\SYSTEM32\IPHLPAPI.DLL
0x00007fffbbf20000 - 0x00007fffbbf28000 	C:\WINDOWS\System32\NSI.dll
0x00007fffb4f00000 - 0x00007fffb4f16000 	C:\WINDOWS\SYSTEM32\dhcpcsvc6.DLL
0x00007fffb4ee0000 - 0x00007fffb4efa000 	C:\WINDOWS\SYSTEM32\dhcpcsvc.DLL
0x00000000625e0000 - 0x00000000625f1000 	C:\Program Files\Java\jre1.8.0_162\bin\nio.dll
0x00000000637c0000 - 0x00000000637cd000 	C:\Users\Athos\AppData\Local\Temp\jogamp_0000\file_cache\jln6881897016028583095\jln8598548658579599112\natives\windows-amd64\gluegen-rt.dll
0x00007fffb81e0000 - 0x00007fffb8278000 	C:\WINDOWS\system32\uxtheme.dll
0x00007fffbb790000 - 0x00007fffbb905000 	C:\WINDOWS\System32\MSCTF.dll
0x00007fffb84c0000 - 0x00007fffb84e9000 	C:\WINDOWS\system32\dwmapi.dll
0x00007fffbd8d0000 - 0x00007fffbda21000 	C:\WINDOWS\System32\ole32.dll
0x0000000062310000 - 0x0000000062317000 	C:\Program Files\Java\jre1.8.0_162\bin\jawt.dll
0x000000006a440000 - 0x000000006a44d000 	C:\Users\Athos\AppData\Local\Temp\jogamp_0000\file_cache\jln6881897016028583095\jln8598548658579599112\natives\windows-amd64\nativewindow_awt.dll
0x00007fff81480000 - 0x00007fff815a0000 	C:\WINDOWS\system32\opengl32.dll
0x00007fffa72d0000 - 0x00007fffa72fc000 	C:\WINDOWS\SYSTEM32\GLU32.dll
0x00007fffb2ad0000 - 0x00007fffb2c67000 	C:\WINDOWS\system32\d3d9.dll
0x00007fffb3a30000 - 0x00007fffb3b1c000 	C:\WINDOWS\System32\DriverStore\FileRepository\nvmii.inf_amd64_9919b3b9523cd68f\nvldumdx.dll
0x00007fffbada0000 - 0x00007fffbaf82000 	C:\WINDOWS\System32\crypt32.dll
0x00007fffb9e70000 - 0x00007fffb9e82000 	C:\WINDOWS\System32\MSASN1.dll
0x00007fffb9ed0000 - 0x00007fffb9f27000 	C:\WINDOWS\System32\WINTRUST.DLL
0x00007fffbda30000 - 0x00007fffbda4d000 	C:\WINDOWS\System32\imagehlp.dll
0x00007fff6afb0000 - 0x00007fff6c1e9000 	C:\WINDOWS\System32\DriverStore\FileRepository\nvmii.inf_amd64_9919b3b9523cd68f\nvd3dumx.dll
0x00007fffb3b90000 - 0x00007fffb3c53000 	C:\Program Files (x86)\NVIDIA Corporation\3D Vision\nvSCPAPI64.dll
0x00007fffbb310000 - 0x00007fffbb75b000 	C:\WINDOWS\System32\SETUPAPI.dll
0x00007fff89260000 - 0x00007fff894c6000 	C:\WINDOWS\system32\nvspcap64.dll
0x00007fffb8f00000 - 0x00007fffb8f31000 	C:\WINDOWS\SYSTEM32\ntmarta.dll
0x000000006c100000 - 0x000000006c10f000 	C:\Users\Athos\AppData\Local\Temp\jogamp_0000\file_cache\jln6881897016028583095\jln8598548658579599112\natives\windows-amd64\nativewindow_win32.dll
0x0000000064500000 - 0x00000000645b1000 	C:\Users\Athos\AppData\Local\Temp\jogamp_0000\file_cache\jln6881897016028583095\jln8598548658579599112\natives\windows-amd64\jogl_desktop.dll
0x0000000064340000 - 0x00000000643a2000 	C:\Users\Athos\AppData\Local\Temp\jogamp_0000\file_cache\jln6881897016028583095\jln8598548658579599112\natives\windows-amd64\jogl_mobile.dll
0x000000005fc70000 - 0x00000000622f5000 	C:\WINDOWS\System32\DriverStore\FileRepository\nvmii.inf_amd64_9919b3b9523cd68f\nvoglv64.dll
0x00007fffb6070000 - 0x00007fffb6083000 	C:\WINDOWS\SYSTEM32\WTSAPI32.dll
0x00007fffb9c20000 - 0x00007fffb9c47000 	C:\WINDOWS\SYSTEM32\DEVOBJ.dll
0x00007fffb8f70000 - 0x00007fffb8fc6000 	C:\WINDOWS\SYSTEM32\WINSTA.dll
0x000000006cbc0000 - 0x000000006cbd3000 	C:\Users\Athos\AppData\Local\Temp\jogamp_0000\file_cache\jln6881897016028583095\jln8598548658579599112\natives\windows-amd64\newt.dll
0x00007fffacc70000 - 0x00007fffacd18000 	C:\WINDOWS\SYSTEM32\mscms.dll
0x00007fffb3b30000 - 0x00007fffb3b40000 	C:\WINDOWS\SYSTEM32\ColorAdapterClient.dll
0x00007fffa4770000 - 0x00007fffa47b3000 	C:\WINDOWS\SYSTEM32\icm32.dll
0x00007fffb2550000 - 0x00007fffb2719000 	C:\WINDOWS\SYSTEM32\dbghelp.dll

VM Arguments:
jvm_args: -Dfile.encoding=GBK 
java_command: unsw.graphics.examples.FlatShadedCube
java_class_path (initial): C:\Program Files\Java\jre1.8.0_162\lib\resources.jar;C:\Program Files\Java\jre1.8.0_162\lib\rt.jar;C:\Program Files\Java\jre1.8.0_162\lib\jsse.jar;C:\Program Files\Java\jre1.8.0_162\lib\jce.jar;C:\Program Files\Java\jre1.8.0_162\lib\charsets.jar;C:\Program Files\Java\jre1.8.0_162\lib\jfr.jar;C:\Program Files\Java\jre1.8.0_162\lib\ext\access-bridge-64.jar;C:\Program Files\Java\jre1.8.0_162\lib\ext\cldrdata.jar;C:\Program Files\Java\jre1.8.0_162\lib\ext\dnsns.jar;C:\Program Files\Java\jre1.8.0_162\lib\ext\jaccess.jar;C:\Program Files\Java\jre1.8.0_162\lib\ext\jfxrt.jar;C:\Program Files\Java\jre1.8.0_162\lib\ext\localedata.jar;C:\Program Files\Java\jre1.8.0_162\lib\ext\nashorn.jar;C:\Program Files\Java\jre1.8.0_162\lib\ext\sunec.jar;C:\Program Files\Java\jre1.8.0_162\lib\ext\sunjce_provider.jar;C:\Program Files\Java\jre1.8.0_162\lib\ext\sunmscapi.jar;C:\Program Files\Java\jre1.8.0_162\lib\ext\sunpkcs11.jar;C:\Program Files\Java\jre1.8.0_162\lib\ext\zipfs.jar;C:\Users\Athos\Desktop\3421\comp3421_ass2\UNSWgraph-0.18\bin;C:\Users\Athos\Desktop\3421\comp3421_ass2\UNSWgraph-0.18\lib\gluegen-rt.jar;C:\Users\Athos\Desktop\3421\comp3421_ass2\UNSWgraph-0.18\lib\jogl-all.jar;C:\Users\Athos\.p2\pool\plugins\org.junit_4.12.0.v201504281640\junit.jar;C:\Users\Athos\.p2\pool\plugins\org.hamcrest.core_1.3.0.v20180420-1519.jar;C:\Users\Athos\Desktop\3421\comp3421_ass2\UNSWgraph-0.18\lib\jply.jar;C:\Users\Athos\Desktop\3421\comp3421_ass2\UNSWgraph-0.18\lib\commons-lang3-3.7.jar
Launcher Type: SUN_STANDARD

Environment Variables:
JAVA_HOME=G:\jdk_8
CLASSPATH=.;G:\jdk_8\lib\dt.jar;G:\jdk_8\lib\tools.jar;
PATH=C:/Program Files/Java/jre1.8.0_162/bin/server;C:/Program Files/Java/jre1.8.0_162/bin;C:/Program Files/Java/jre1.8.0_162/lib/amd64;C:\Program Files\NVIDIA GPU Computing Toolkit\CUDA\v9.0\bin;C:\Program Files\NVIDIA GPU Computing Toolkit\CUDA\v9.0\libnvvp;C:\ProgramData\Oracle\Java\javapath;C:\Program Files (x86)\Intel\iCLS Client\;C:\Program Files\Intel\iCLS Client\;C:\WINDOWS\system32;C:\WINDOWS;C:\WINDOWS\System32\Wbem;C:\WINDOWS\System32\WindowsPowerShell\v1.0\;C:\Program Files (x86)\Intel\Intel(R) Management Engine Components\DAL;C:\Program Files\Intel\Intel(R) Management Engine Components\DAL;C:\Program Files (x86)\Intel\Intel(R) Management Engine Components\IPT;C:\Program Files\Intel\Intel(R) Management Engine Components\IPT;G:\jdk_8\bin;C:\Program Files (x86)\NVIDIA Corporation\PhysX\Common;C:\Program Files\Java\jre1.8.0_162\bin;C:\WINDOWS\system32;C:\WINDOWS;C:\WINDOWS\System32\Wbem;C:\WINDOWS\System32\WindowsPowerShell\v1.0\;C:\WINDOWS\System32\OpenSSH\;%NODE_PATH%;D:\node\;D:\python\Scripts\;D:\python\;C:\Users\Athos\AppData\Local\Microsoft\WindowsApps;C:\Users\Athos\AppData\Local\atom\bin;C:\Users\Athos\AppData\Local\GitHubDesktop\bin;D:\visual_editor\Microsoft VS Code\bin;C:\Users\Athos\AppData\Local\Microsoft\WindowsApps;C:\Users\Athos\AppData\Roaming\npm;C:\Users\Athos\Desktop;
USERNAME=Athos
OS=Windows_NT
PROCESSOR_IDENTIFIER=Intel64 Family 6 Model 94 Stepping 3, GenuineIntel



---------------  S Y S T E M  ---------------

OS: Windows 10.0 , 64 bit Build 17134 (10.0.17134.1)

CPU:total 8 (initial active 8) (4 cores per cpu, 2 threads per core) family 6 model 94 stepping 3, cmov, cx8, fxsr, mmx, sse, sse2, sse3, ssse3, sse4.1, sse4.2, popcnt, avx, avx2, aes, clmul, erms, rtm, 3dnowpref, lzcnt, ht, tsc, tscinvbit, bmi1, bmi2, adx

Memory: 4k page, physical 25117728k(16062708k free), swap 26690592k(14791748k free)

vm_info: Java HotSpot(TM) 64-Bit Server VM (25.162-b12) for windows-amd64 JRE (1.8.0_162-b12), built on Dec 19 2017 20:00:03 by "java_re" with MS VC++ 10.0 (VS2010)

time: Fri Sep 21 19:40:43 2018
elapsed time: 2 seconds (0d 0h 0m 2s)

